/Library/Python/2.7/site-packages/pygame-1.9.2pre-py2.7-macosx-10.7-intel.egg/EGG-INFO/dependency_links.txt
/Library/Python/2.7/site-packages/pygame-1.9.2pre-py2.7-macosx-10.7-intel.egg/EGG-INFO/native_libs.txt
/Library/Python/2.7/site-packages/pygame-1.9.2pre-py2.7-macosx-10.7-intel.egg/EGG-INFO/not-zip-safe
/Library/Python/2.7/site-packages/pygame-1.9.2pre-py2.7-macosx-10.7-intel.egg/EGG-INFO/PKG-INFO
/Library/Python/2.7/site-packages/pygame-1.9.2pre-py2.7-macosx-10.7-intel.egg/EGG-INFO/SOURCES.txt
/Library/Python/2.7/site-packages/pygame-1.9.2pre-py2.7-macosx-10.7-intel.egg/EGG-INFO/top_level.txt
/Library/Python/2.7/site-packages/pygame-1.9.2pre-py2.7-macosx-10.7-intel.egg/pygame/__init__.py
/Library/Python/2.7/site-packages/pygame-1.9.2pre-py2.7-macosx-10.7-intel.egg/pygame/__init__.pyc
/Library/Python/2.7/site-packages/pygame-1.9.2pre-py2.7-macosx-10.7-intel.egg/pygame/_camera_opencv_highgui.py
/Library/Python/2.7/site-packages/pygame-1.9.2pre-py2.7-macosx-10.7-intel.egg/pygame/_camera_opencv_highgui.pyc
/Library/Python/2.7/site-packages/pygame-1.9.2pre-py2.7-macosx-10.7-intel.egg/pygame/_camera_vidcapture.py
/Library/Python/2.7/site-packages/pygame-1.9.2pre-py2.7-macosx-10.7-intel.egg/pygame/_camera_vidcapture.pyc
/Library/Python/2.7/site-packages/pygame-1.9.2pre-py2.7-macosx-10.7-intel.egg/pygame/_dummybackend.py
/Library/Python/2.7/site-packages/pygame-1.9.2pre-py2.7-macosx-10.7-intel.egg/pygame/_dummybackend.pyc
/Library/Python/2.7/site-packages/pygame-1.9.2pre-py2.7-macosx-10.7-intel.egg/pygame/_freetype.py
/Library/Python/2.7/site-packages/pygame-1.9.2pre-py2.7-macosx-10.7-intel.egg/pygame/_freetype.pyc
/Library/Python/2.7/site-packages/pygame-1.9.2pre-py2.7-macosx-10.7-intel.egg/pygame/_freetype.so
/Library/Python/2.7/site-packages/pygame-1.9.2pre-py2.7-macosx-10.7-intel.egg/pygame/_numericsndarray.py
/Library/Python/2.7/site-packages/pygame-1.9.2pre-py2.7-macosx-10.7-intel.egg/pygame/_numericsndarray.pyc
/Library/Python/2.7/site-packages/pygame-1.9.2pre-py2.7-macosx-10.7-intel.egg/pygame/_numericsndarray.so
/Library/Python/2.7/site-packages/pygame-1.9.2pre-py2.7-macosx-10.7-intel.egg/pygame/_numericsurfarray.py
/Library/Python/2.7/site-packages/pygame-1.9.2pre-py2.7-macosx-10.7-intel.egg/pygame/_numericsurfarray.pyc
/Library/Python/2.7/site-packages/pygame-1.9.2pre-py2.7-macosx-10.7-intel.egg/pygame/_numericsurfarray.so
/Library/Python/2.7/site-packages/pygame-1.9.2pre-py2.7-macosx-10.7-intel.egg/pygame/_numpysndarray.py
/Library/Python/2.7/site-packages/pygame-1.9.2pre-py2.7-macosx-10.7-intel.egg/pygame/_numpysndarray.pyc
/Library/Python/2.7/site-packages/pygame-1.9.2pre-py2.7-macosx-10.7-intel.egg/pygame/_numpysurfarray.py
/Library/Python/2.7/site-packages/pygame-1.9.2pre-py2.7-macosx-10.7-intel.egg/pygame/_numpysurfarray.pyc
/Library/Python/2.7/site-packages/pygame-1.9.2pre-py2.7-macosx-10.7-intel.egg/pygame/_view.py
/Library/Python/2.7/site-packages/pygame-1.9.2pre-py2.7-macosx-10.7-intel.egg/pygame/_view.pyc
/Library/Python/2.7/site-packages/pygame-1.9.2pre-py2.7-macosx-10.7-intel.egg/pygame/_view.so
/Library/Python/2.7/site-packages/pygame-1.9.2pre-py2.7-macosx-10.7-intel.egg/pygame/_vlcbackend.py
/Library/Python/2.7/site-packages/pygame-1.9.2pre-py2.7-macosx-10.7-intel.egg/pygame/_vlcbackend.pyc
/Library/Python/2.7/site-packages/pygame-1.9.2pre-py2.7-macosx-10.7-intel.egg/pygame/base.py
/Library/Python/2.7/site-packages/pygame-1.9.2pre-py2.7-macosx-10.7-intel.egg/pygame/base.pyc
/Library/Python/2.7/site-packages/pygame-1.9.2pre-py2.7-macosx-10.7-intel.egg/pygame/base.so
/Library/Python/2.7/site-packages/pygame-1.9.2pre-py2.7-macosx-10.7-intel.egg/pygame/bufferproxy.py
/Library/Python/2.7/site-packages/pygame-1.9.2pre-py2.7-macosx-10.7-intel.egg/pygame/bufferproxy.pyc
/Library/Python/2.7/site-packages/pygame-1.9.2pre-py2.7-macosx-10.7-intel.egg/pygame/bufferproxy.so
/Library/Python/2.7/site-packages/pygame-1.9.2pre-py2.7-macosx-10.7-intel.egg/pygame/camera.py
/Library/Python/2.7/site-packages/pygame-1.9.2pre-py2.7-macosx-10.7-intel.egg/pygame/camera.pyc
/Library/Python/2.7/site-packages/pygame-1.9.2pre-py2.7-macosx-10.7-intel.egg/pygame/cdrom.py
/Library/Python/2.7/site-packages/pygame-1.9.2pre-py2.7-macosx-10.7-intel.egg/pygame/cdrom.pyc
/Library/Python/2.7/site-packages/pygame-1.9.2pre-py2.7-macosx-10.7-intel.egg/pygame/cdrom.so
/Library/Python/2.7/site-packages/pygame-1.9.2pre-py2.7-macosx-10.7-intel.egg/pygame/color.py
/Library/Python/2.7/site-packages/pygame-1.9.2pre-py2.7-macosx-10.7-intel.egg/pygame/color.pyc
/Library/Python/2.7/site-packages/pygame-1.9.2pre-py2.7-macosx-10.7-intel.egg/pygame/color.so
/Library/Python/2.7/site-packages/pygame-1.9.2pre-py2.7-macosx-10.7-intel.egg/pygame/colordict.py
/Library/Python/2.7/site-packages/pygame-1.9.2pre-py2.7-macosx-10.7-intel.egg/pygame/colordict.pyc
/Library/Python/2.7/site-packages/pygame-1.9.2pre-py2.7-macosx-10.7-intel.egg/pygame/compat.py
/Library/Python/2.7/site-packages/pygame-1.9.2pre-py2.7-macosx-10.7-intel.egg/pygame/compat.pyc
/Library/Python/2.7/site-packages/pygame-1.9.2pre-py2.7-macosx-10.7-intel.egg/pygame/constants.py
/Library/Python/2.7/site-packages/pygame-1.9.2pre-py2.7-macosx-10.7-intel.egg/pygame/constants.pyc
/Library/Python/2.7/site-packages/pygame-1.9.2pre-py2.7-macosx-10.7-intel.egg/pygame/constants.so
/Library/Python/2.7/site-packages/pygame-1.9.2pre-py2.7-macosx-10.7-intel.egg/pygame/cursors.py
/Library/Python/2.7/site-packages/pygame-1.9.2pre-py2.7-macosx-10.7-intel.egg/pygame/cursors.pyc
/Library/Python/2.7/site-packages/pygame-1.9.2pre-py2.7-macosx-10.7-intel.egg/pygame/display.py
/Library/Python/2.7/site-packages/pygame-1.9.2pre-py2.7-macosx-10.7-intel.egg/pygame/display.pyc
/Library/Python/2.7/site-packages/pygame-1.9.2pre-py2.7-macosx-10.7-intel.egg/pygame/display.so
/Library/Python/2.7/site-packages/pygame-1.9.2pre-py2.7-macosx-10.7-intel.egg/pygame/draw.py
/Library/Python/2.7/site-packages/pygame-1.9.2pre-py2.7-macosx-10.7-intel.egg/pygame/draw.pyc
/Library/Python/2.7/site-packages/pygame-1.9.2pre-py2.7-macosx-10.7-intel.egg/pygame/draw.so
/Library/Python/2.7/site-packages/pygame-1.9.2pre-py2.7-macosx-10.7-intel.egg/pygame/event.py
/Library/Python/2.7/site-packages/pygame-1.9.2pre-py2.7-macosx-10.7-intel.egg/pygame/event.pyc
/Library/Python/2.7/site-packages/pygame-1.9.2pre-py2.7-macosx-10.7-intel.egg/pygame/event.so
/Library/Python/2.7/site-packages/pygame-1.9.2pre-py2.7-macosx-10.7-intel.egg/pygame/fastevent.py
/Library/Python/2.7/site-packages/pygame-1.9.2pre-py2.7-macosx-10.7-intel.egg/pygame/fastevent.pyc
/Library/Python/2.7/site-packages/pygame-1.9.2pre-py2.7-macosx-10.7-intel.egg/pygame/fastevent.so
/Library/Python/2.7/site-packages/pygame-1.9.2pre-py2.7-macosx-10.7-intel.egg/pygame/font.py
/Library/Python/2.7/site-packages/pygame-1.9.2pre-py2.7-macosx-10.7-intel.egg/pygame/font.pyc
/Library/Python/2.7/site-packages/pygame-1.9.2pre-py2.7-macosx-10.7-intel.egg/pygame/font.so
/Library/Python/2.7/site-packages/pygame-1.9.2pre-py2.7-macosx-10.7-intel.egg/pygame/freesansbold.ttf
/Library/Python/2.7/site-packages/pygame-1.9.2pre-py2.7-macosx-10.7-intel.egg/pygame/freetype.py
/Library/Python/2.7/site-packages/pygame-1.9.2pre-py2.7-macosx-10.7-intel.egg/pygame/freetype.pyc
/Library/Python/2.7/site-packages/pygame-1.9.2pre-py2.7-macosx-10.7-intel.egg/pygame/ftfont.py
/Library/Python/2.7/site-packages/pygame-1.9.2pre-py2.7-macosx-10.7-intel.egg/pygame/ftfont.pyc
/Library/Python/2.7/site-packages/pygame-1.9.2pre-py2.7-macosx-10.7-intel.egg/pygame/gfxdraw.py
/Library/Python/2.7/site-packages/pygame-1.9.2pre-py2.7-macosx-10.7-intel.egg/pygame/gfxdraw.pyc
/Library/Python/2.7/site-packages/pygame-1.9.2pre-py2.7-macosx-10.7-intel.egg/pygame/gfxdraw.so
/Library/Python/2.7/site-packages/pygame-1.9.2pre-py2.7-macosx-10.7-intel.egg/pygame/image.py
/Library/Python/2.7/site-packages/pygame-1.9.2pre-py2.7-macosx-10.7-intel.egg/pygame/image.pyc
/Library/Python/2.7/site-packages/pygame-1.9.2pre-py2.7-macosx-10.7-intel.egg/pygame/image.so
/Library/Python/2.7/site-packages/pygame-1.9.2pre-py2.7-macosx-10.7-intel.egg/pygame/imageext.py
/Library/Python/2.7/site-packages/pygame-1.9.2pre-py2.7-macosx-10.7-intel.egg/pygame/imageext.pyc
/Library/Python/2.7/site-packages/pygame-1.9.2pre-py2.7-macosx-10.7-intel.egg/pygame/imageext.so
/Library/Python/2.7/site-packages/pygame-1.9.2pre-py2.7-macosx-10.7-intel.egg/pygame/install.html
/Library/Python/2.7/site-packages/pygame-1.9.2pre-py2.7-macosx-10.7-intel.egg/pygame/joystick.py
/Library/Python/2.7/site-packages/pygame-1.9.2pre-py2.7-macosx-10.7-intel.egg/pygame/joystick.pyc
/Library/Python/2.7/site-packages/pygame-1.9.2pre-py2.7-macosx-10.7-intel.egg/pygame/joystick.so
/Library/Python/2.7/site-packages/pygame-1.9.2pre-py2.7-macosx-10.7-intel.egg/pygame/key.py
/Library/Python/2.7/site-packages/pygame-1.9.2pre-py2.7-macosx-10.7-intel.egg/pygame/key.pyc
/Library/Python/2.7/site-packages/pygame-1.9.2pre-py2.7-macosx-10.7-intel.egg/pygame/key.so
/Library/Python/2.7/site-packages/pygame-1.9.2pre-py2.7-macosx-10.7-intel.egg/pygame/LGPL
/Library/Python/2.7/site-packages/pygame-1.9.2pre-py2.7-macosx-10.7-intel.egg/pygame/locals.py
/Library/Python/2.7/site-packages/pygame-1.9.2pre-py2.7-macosx-10.7-intel.egg/pygame/locals.pyc
/Library/Python/2.7/site-packages/pygame-1.9.2pre-py2.7-macosx-10.7-intel.egg/pygame/macosx.py
/Library/Python/2.7/site-packages/pygame-1.9.2pre-py2.7-macosx-10.7-intel.egg/pygame/macosx.pyc
/Library/Python/2.7/site-packages/pygame-1.9.2pre-py2.7-macosx-10.7-intel.egg/pygame/mask.py
/Library/Python/2.7/site-packages/pygame-1.9.2pre-py2.7-macosx-10.7-intel.egg/pygame/mask.pyc
/Library/Python/2.7/site-packages/pygame-1.9.2pre-py2.7-macosx-10.7-intel.egg/pygame/mask.so
/Library/Python/2.7/site-packages/pygame-1.9.2pre-py2.7-macosx-10.7-intel.egg/pygame/math.py
/Library/Python/2.7/site-packages/pygame-1.9.2pre-py2.7-macosx-10.7-intel.egg/pygame/math.pyc
/Library/Python/2.7/site-packages/pygame-1.9.2pre-py2.7-macosx-10.7-intel.egg/pygame/math.so
/Library/Python/2.7/site-packages/pygame-1.9.2pre-py2.7-macosx-10.7-intel.egg/pygame/midi.py
/Library/Python/2.7/site-packages/pygame-1.9.2pre-py2.7-macosx-10.7-intel.egg/pygame/midi.pyc
/Library/Python/2.7/site-packages/pygame-1.9.2pre-py2.7-macosx-10.7-intel.egg/pygame/mixer.py
/Library/Python/2.7/site-packages/pygame-1.9.2pre-py2.7-macosx-10.7-intel.egg/pygame/mixer.pyc
/Library/Python/2.7/site-packages/pygame-1.9.2pre-py2.7-macosx-10.7-intel.egg/pygame/mixer.so
/Library/Python/2.7/site-packages/pygame-1.9.2pre-py2.7-macosx-10.7-intel.egg/pygame/mixer_music.py
/Library/Python/2.7/site-packages/pygame-1.9.2pre-py2.7-macosx-10.7-intel.egg/pygame/mixer_music.pyc
/Library/Python/2.7/site-packages/pygame-1.9.2pre-py2.7-macosx-10.7-intel.egg/pygame/mixer_music.so
/Library/Python/2.7/site-packages/pygame-1.9.2pre-py2.7-macosx-10.7-intel.egg/pygame/mouse.py
/Library/Python/2.7/site-packages/pygame-1.9.2pre-py2.7-macosx-10.7-intel.egg/pygame/mouse.pyc
/Library/Python/2.7/site-packages/pygame-1.9.2pre-py2.7-macosx-10.7-intel.egg/pygame/mouse.so
/Library/Python/2.7/site-packages/pygame-1.9.2pre-py2.7-macosx-10.7-intel.egg/pygame/nmovie.py
/Library/Python/2.7/site-packages/pygame-1.9.2pre-py2.7-macosx-10.7-intel.egg/pygame/nmovie.pyc
/Library/Python/2.7/site-packages/pygame-1.9.2pre-py2.7-macosx-10.7-intel.egg/pygame/overlay.py
/Library/Python/2.7/site-packages/pygame-1.9.2pre-py2.7-macosx-10.7-intel.egg/pygame/overlay.pyc
/Library/Python/2.7/site-packages/pygame-1.9.2pre-py2.7-macosx-10.7-intel.egg/pygame/overlay.so
/Library/Python/2.7/site-packages/pygame-1.9.2pre-py2.7-macosx-10.7-intel.egg/pygame/pixelarray.py
/Library/Python/2.7/site-packages/pygame-1.9.2pre-py2.7-macosx-10.7-intel.egg/pygame/pixelarray.pyc
/Library/Python/2.7/site-packages/pygame-1.9.2pre-py2.7-macosx-10.7-intel.egg/pygame/pixelarray.so
/Library/Python/2.7/site-packages/pygame-1.9.2pre-py2.7-macosx-10.7-intel.egg/pygame/pixelcopy.py
/Library/Python/2.7/site-packages/pygame-1.9.2pre-py2.7-macosx-10.7-intel.egg/pygame/pixelcopy.pyc
/Library/Python/2.7/site-packages/pygame-1.9.2pre-py2.7-macosx-10.7-intel.egg/pygame/pixelcopy.so
/Library/Python/2.7/site-packages/pygame-1.9.2pre-py2.7-macosx-10.7-intel.egg/pygame/pkgdata.py
/Library/Python/2.7/site-packages/pygame-1.9.2pre-py2.7-macosx-10.7-intel.egg/pygame/pkgdata.pyc
/Library/Python/2.7/site-packages/pygame-1.9.2pre-py2.7-macosx-10.7-intel.egg/pygame/pygame.ico
/Library/Python/2.7/site-packages/pygame-1.9.2pre-py2.7-macosx-10.7-intel.egg/pygame/pygame_icon.bmp
/Library/Python/2.7/site-packages/pygame-1.9.2pre-py2.7-macosx-10.7-intel.egg/pygame/pygame_icon.icns
/Library/Python/2.7/site-packages/pygame-1.9.2pre-py2.7-macosx-10.7-intel.egg/pygame/pygame_icon.svg
/Library/Python/2.7/site-packages/pygame-1.9.2pre-py2.7-macosx-10.7-intel.egg/pygame/pygame_icon.tiff
/Library/Python/2.7/site-packages/pygame-1.9.2pre-py2.7-macosx-10.7-intel.egg/pygame/readme.html
/Library/Python/2.7/site-packages/pygame-1.9.2pre-py2.7-macosx-10.7-intel.egg/pygame/rect.py
/Library/Python/2.7/site-packages/pygame-1.9.2pre-py2.7-macosx-10.7-intel.egg/pygame/rect.pyc
/Library/Python/2.7/site-packages/pygame-1.9.2pre-py2.7-macosx-10.7-intel.egg/pygame/rect.so
/Library/Python/2.7/site-packages/pygame-1.9.2pre-py2.7-macosx-10.7-intel.egg/pygame/rwobject.py
/Library/Python/2.7/site-packages/pygame-1.9.2pre-py2.7-macosx-10.7-intel.egg/pygame/rwobject.pyc
/Library/Python/2.7/site-packages/pygame-1.9.2pre-py2.7-macosx-10.7-intel.egg/pygame/rwobject.so
/Library/Python/2.7/site-packages/pygame-1.9.2pre-py2.7-macosx-10.7-intel.egg/pygame/sdlmain_osx.py
/Library/Python/2.7/site-packages/pygame-1.9.2pre-py2.7-macosx-10.7-intel.egg/pygame/sdlmain_osx.pyc
/Library/Python/2.7/site-packages/pygame-1.9.2pre-py2.7-macosx-10.7-intel.egg/pygame/sdlmain_osx.so
/Library/Python/2.7/site-packages/pygame-1.9.2pre-py2.7-macosx-10.7-intel.egg/pygame/sndarray.py
/Library/Python/2.7/site-packages/pygame-1.9.2pre-py2.7-macosx-10.7-intel.egg/pygame/sndarray.pyc
/Library/Python/2.7/site-packages/pygame-1.9.2pre-py2.7-macosx-10.7-intel.egg/pygame/sprite.py
/Library/Python/2.7/site-packages/pygame-1.9.2pre-py2.7-macosx-10.7-intel.egg/pygame/sprite.pyc
/Library/Python/2.7/site-packages/pygame-1.9.2pre-py2.7-macosx-10.7-intel.egg/pygame/surface.py
/Library/Python/2.7/site-packages/pygame-1.9.2pre-py2.7-macosx-10.7-intel.egg/pygame/surface.pyc
/Library/Python/2.7/site-packages/pygame-1.9.2pre-py2.7-macosx-10.7-intel.egg/pygame/surface.so
/Library/Python/2.7/site-packages/pygame-1.9.2pre-py2.7-macosx-10.7-intel.egg/pygame/surfarray.py
/Library/Python/2.7/site-packages/pygame-1.9.2pre-py2.7-macosx-10.7-intel.egg/pygame/surfarray.pyc
/Library/Python/2.7/site-packages/pygame-1.9.2pre-py2.7-macosx-10.7-intel.egg/pygame/surflock.py
/Library/Python/2.7/site-packages/pygame-1.9.2pre-py2.7-macosx-10.7-intel.egg/pygame/surflock.pyc
/Library/Python/2.7/site-packages/pygame-1.9.2pre-py2.7-macosx-10.7-intel.egg/pygame/surflock.so
/Library/Python/2.7/site-packages/pygame-1.9.2pre-py2.7-macosx-10.7-intel.egg/pygame/sysfont.py
/Library/Python/2.7/site-packages/pygame-1.9.2pre-py2.7-macosx-10.7-intel.egg/pygame/sysfont.pyc
/Library/Python/2.7/site-packages/pygame-1.9.2pre-py2.7-macosx-10.7-intel.egg/pygame/time.py
/Library/Python/2.7/site-packages/pygame-1.9.2pre-py2.7-macosx-10.7-intel.egg/pygame/time.pyc
/Library/Python/2.7/site-packages/pygame-1.9.2pre-py2.7-macosx-10.7-intel.egg/pygame/time.so
/Library/Python/2.7/site-packages/pygame-1.9.2pre-py2.7-macosx-10.7-intel.egg/pygame/transform.py
/Library/Python/2.7/site-packages/pygame-1.9.2pre-py2.7-macosx-10.7-intel.egg/pygame/transform.pyc
/Library/Python/2.7/site-packages/pygame-1.9.2pre-py2.7-macosx-10.7-intel.egg/pygame/transform.so
/Library/Python/2.7/site-packages/pygame-1.9.2pre-py2.7-macosx-10.7-intel.egg/pygame/version.py
/Library/Python/2.7/site-packages/pygame-1.9.2pre-py2.7-macosx-10.7-intel.egg/pygame/version.pyc
/Library/Python/2.7/site-packages/pygame-1.9.2pre-py2.7-macosx-10.7-intel.egg/pygame/docs/__init__.py
/Library/Python/2.7/site-packages/pygame-1.9.2pre-py2.7-macosx-10.7-intel.egg/pygame/docs/__init__.pyc
/Library/Python/2.7/site-packages/pygame-1.9.2pre-py2.7-macosx-10.7-intel.egg/pygame/docs/__main__.py
/Library/Python/2.7/site-packages/pygame-1.9.2pre-py2.7-macosx-10.7-intel.egg/pygame/docs/__main__.pyc
/Library/Python/2.7/site-packages/pygame-1.9.2pre-py2.7-macosx-10.7-intel.egg/pygame/docs/filepaths.html
/Library/Python/2.7/site-packages/pygame-1.9.2pre-py2.7-macosx-10.7-intel.egg/pygame/docs/genindex.html
/Library/Python/2.7/site-packages/pygame-1.9.2pre-py2.7-macosx-10.7-intel.egg/pygame/docs/index.html
/Library/Python/2.7/site-packages/pygame-1.9.2pre-py2.7-macosx-10.7-intel.egg/pygame/docs/logos.html
/Library/Python/2.7/site-packages/pygame-1.9.2pre-py2.7-macosx-10.7-intel.egg/pygame/docs/pygame_logo.gif
/Library/Python/2.7/site-packages/pygame-1.9.2pre-py2.7-macosx-10.7-intel.egg/pygame/docs/pygame_powered.gif
/Library/Python/2.7/site-packages/pygame-1.9.2pre-py2.7-macosx-10.7-intel.egg/pygame/docs/pygame_small.gif
/Library/Python/2.7/site-packages/pygame-1.9.2pre-py2.7-macosx-10.7-intel.egg/pygame/docs/pygame_tiny.gif
/Library/Python/2.7/site-packages/pygame-1.9.2pre-py2.7-macosx-10.7-intel.egg/pygame/docs/search.html
/Library/Python/2.7/site-packages/pygame-1.9.2pre-py2.7-macosx-10.7-intel.egg/pygame/docs/searchindex.js
/Library/Python/2.7/site-packages/pygame-1.9.2pre-py2.7-macosx-10.7-intel.egg/pygame/docs/_sources/filepaths.txt
/Library/Python/2.7/site-packages/pygame-1.9.2pre-py2.7-macosx-10.7-intel.egg/pygame/docs/_sources/index.txt
/Library/Python/2.7/site-packages/pygame-1.9.2pre-py2.7-macosx-10.7-intel.egg/pygame/docs/_sources/ref/camera.txt
/Library/Python/2.7/site-packages/pygame-1.9.2pre-py2.7-macosx-10.7-intel.egg/pygame/docs/_sources/ref/cdrom.txt
/Library/Python/2.7/site-packages/pygame-1.9.2pre-py2.7-macosx-10.7-intel.egg/pygame/docs/_sources/ref/color.txt
/Library/Python/2.7/site-packages/pygame-1.9.2pre-py2.7-macosx-10.7-intel.egg/pygame/docs/_sources/ref/cursors.txt
/Library/Python/2.7/site-packages/pygame-1.9.2pre-py2.7-macosx-10.7-intel.egg/pygame/docs/_sources/ref/display.txt
/Library/Python/2.7/site-packages/pygame-1.9.2pre-py2.7-macosx-10.7-intel.egg/pygame/docs/_sources/ref/draw.txt
/Library/Python/2.7/site-packages/pygame-1.9.2pre-py2.7-macosx-10.7-intel.egg/pygame/docs/_sources/ref/event.txt
/Library/Python/2.7/site-packages/pygame-1.9.2pre-py2.7-macosx-10.7-intel.egg/pygame/docs/_sources/ref/examples.txt
/Library/Python/2.7/site-packages/pygame-1.9.2pre-py2.7-macosx-10.7-intel.egg/pygame/docs/_sources/ref/font.txt
/Library/Python/2.7/site-packages/pygame-1.9.2pre-py2.7-macosx-10.7-intel.egg/pygame/docs/_sources/ref/freetype.txt
/Library/Python/2.7/site-packages/pygame-1.9.2pre-py2.7-macosx-10.7-intel.egg/pygame/docs/_sources/ref/gfxdraw.txt
/Library/Python/2.7/site-packages/pygame-1.9.2pre-py2.7-macosx-10.7-intel.egg/pygame/docs/_sources/ref/image.txt
/Library/Python/2.7/site-packages/pygame-1.9.2pre-py2.7-macosx-10.7-intel.egg/pygame/docs/_sources/ref/joystick.txt
/Library/Python/2.7/site-packages/pygame-1.9.2pre-py2.7-macosx-10.7-intel.egg/pygame/docs/_sources/ref/key.txt
/Library/Python/2.7/site-packages/pygame-1.9.2pre-py2.7-macosx-10.7-intel.egg/pygame/docs/_sources/ref/locals.txt
/Library/Python/2.7/site-packages/pygame-1.9.2pre-py2.7-macosx-10.7-intel.egg/pygame/docs/_sources/ref/mask.txt
/Library/Python/2.7/site-packages/pygame-1.9.2pre-py2.7-macosx-10.7-intel.egg/pygame/docs/_sources/ref/math.txt
/Library/Python/2.7/site-packages/pygame-1.9.2pre-py2.7-macosx-10.7-intel.egg/pygame/docs/_sources/ref/midi.txt
/Library/Python/2.7/site-packages/pygame-1.9.2pre-py2.7-macosx-10.7-intel.egg/pygame/docs/_sources/ref/mixer.txt
/Library/Python/2.7/site-packages/pygame-1.9.2pre-py2.7-macosx-10.7-intel.egg/pygame/docs/_sources/ref/mouse.txt
/Library/Python/2.7/site-packages/pygame-1.9.2pre-py2.7-macosx-10.7-intel.egg/pygame/docs/_sources/ref/movie.txt
/Library/Python/2.7/site-packages/pygame-1.9.2pre-py2.7-macosx-10.7-intel.egg/pygame/docs/_sources/ref/music.txt
/Library/Python/2.7/site-packages/pygame-1.9.2pre-py2.7-macosx-10.7-intel.egg/pygame/docs/_sources/ref/overlay.txt
/Library/Python/2.7/site-packages/pygame-1.9.2pre-py2.7-macosx-10.7-intel.egg/pygame/docs/_sources/ref/pixelarray.txt
/Library/Python/2.7/site-packages/pygame-1.9.2pre-py2.7-macosx-10.7-intel.egg/pygame/docs/_sources/ref/pixelcopy.txt
/Library/Python/2.7/site-packages/pygame-1.9.2pre-py2.7-macosx-10.7-intel.egg/pygame/docs/_sources/ref/pygame.txt
/Library/Python/2.7/site-packages/pygame-1.9.2pre-py2.7-macosx-10.7-intel.egg/pygame/docs/_sources/ref/rect.txt
/Library/Python/2.7/site-packages/pygame-1.9.2pre-py2.7-macosx-10.7-intel.egg/pygame/docs/_sources/ref/scrap.txt
/Library/Python/2.7/site-packages/pygame-1.9.2pre-py2.7-macosx-10.7-intel.egg/pygame/docs/_sources/ref/sndarray.txt
/Library/Python/2.7/site-packages/pygame-1.9.2pre-py2.7-macosx-10.7-intel.egg/pygame/docs/_sources/ref/sprite.txt
/Library/Python/2.7/site-packages/pygame-1.9.2pre-py2.7-macosx-10.7-intel.egg/pygame/docs/_sources/ref/surface.txt
/Library/Python/2.7/site-packages/pygame-1.9.2pre-py2.7-macosx-10.7-intel.egg/pygame/docs/_sources/ref/surfarray.txt
/Library/Python/2.7/site-packages/pygame-1.9.2pre-py2.7-macosx-10.7-intel.egg/pygame/docs/_sources/ref/tests.txt
/Library/Python/2.7/site-packages/pygame-1.9.2pre-py2.7-macosx-10.7-intel.egg/pygame/docs/_sources/ref/time.txt
/Library/Python/2.7/site-packages/pygame-1.9.2pre-py2.7-macosx-10.7-intel.egg/pygame/docs/_sources/ref/transform.txt
/Library/Python/2.7/site-packages/pygame-1.9.2pre-py2.7-macosx-10.7-intel.egg/pygame/docs/_static/basic.css
/Library/Python/2.7/site-packages/pygame-1.9.2pre-py2.7-macosx-10.7-intel.egg/pygame/docs/_static/comment-bright.png
/Library/Python/2.7/site-packages/pygame-1.9.2pre-py2.7-macosx-10.7-intel.egg/pygame/docs/_static/comment-close.png
/Library/Python/2.7/site-packages/pygame-1.9.2pre-py2.7-macosx-10.7-intel.egg/pygame/docs/_static/comment.png
/Library/Python/2.7/site-packages/pygame-1.9.2pre-py2.7-macosx-10.7-intel.egg/pygame/docs/_static/doctools.js
/Library/Python/2.7/site-packages/pygame-1.9.2pre-py2.7-macosx-10.7-intel.egg/pygame/docs/_static/down-pressed.png
/Library/Python/2.7/site-packages/pygame-1.9.2pre-py2.7-macosx-10.7-intel.egg/pygame/docs/_static/down.png
/Library/Python/2.7/site-packages/pygame-1.9.2pre-py2.7-macosx-10.7-intel.egg/pygame/docs/_static/file.png
/Library/Python/2.7/site-packages/pygame-1.9.2pre-py2.7-macosx-10.7-intel.egg/pygame/docs/_static/jquery.js
/Library/Python/2.7/site-packages/pygame-1.9.2pre-py2.7-macosx-10.7-intel.egg/pygame/docs/_static/minus.png
/Library/Python/2.7/site-packages/pygame-1.9.2pre-py2.7-macosx-10.7-intel.egg/pygame/docs/_static/plus.png
/Library/Python/2.7/site-packages/pygame-1.9.2pre-py2.7-macosx-10.7-intel.egg/pygame/docs/_static/pygame.css
/Library/Python/2.7/site-packages/pygame-1.9.2pre-py2.7-macosx-10.7-intel.egg/pygame/docs/_static/pygame.ico
/Library/Python/2.7/site-packages/pygame-1.9.2pre-py2.7-macosx-10.7-intel.egg/pygame/docs/_static/pygame_tiny.png
/Library/Python/2.7/site-packages/pygame-1.9.2pre-py2.7-macosx-10.7-intel.egg/pygame/docs/_static/pygments.css
/Library/Python/2.7/site-packages/pygame-1.9.2pre-py2.7-macosx-10.7-intel.egg/pygame/docs/_static/reset.css
/Library/Python/2.7/site-packages/pygame-1.9.2pre-py2.7-macosx-10.7-intel.egg/pygame/docs/_static/searchtools.js
/Library/Python/2.7/site-packages/pygame-1.9.2pre-py2.7-macosx-10.7-intel.egg/pygame/docs/_static/tooltip.css
/Library/Python/2.7/site-packages/pygame-1.9.2pre-py2.7-macosx-10.7-intel.egg/pygame/docs/_static/underscore.js
/Library/Python/2.7/site-packages/pygame-1.9.2pre-py2.7-macosx-10.7-intel.egg/pygame/docs/_static/up-pressed.png
/Library/Python/2.7/site-packages/pygame-1.9.2pre-py2.7-macosx-10.7-intel.egg/pygame/docs/_static/up.png
/Library/Python/2.7/site-packages/pygame-1.9.2pre-py2.7-macosx-10.7-intel.egg/pygame/docs/_static/websupport.js
/Library/Python/2.7/site-packages/pygame-1.9.2pre-py2.7-macosx-10.7-intel.egg/pygame/docs/ref/camera.html
/Library/Python/2.7/site-packages/pygame-1.9.2pre-py2.7-macosx-10.7-intel.egg/pygame/docs/ref/cdrom.html
/Library/Python/2.7/site-packages/pygame-1.9.2pre-py2.7-macosx-10.7-intel.egg/pygame/docs/ref/color.html
/Library/Python/2.7/site-packages/pygame-1.9.2pre-py2.7-macosx-10.7-intel.egg/pygame/docs/ref/cursors.html
/Library/Python/2.7/site-packages/pygame-1.9.2pre-py2.7-macosx-10.7-intel.egg/pygame/docs/ref/display.html
/Library/Python/2.7/site-packages/pygame-1.9.2pre-py2.7-macosx-10.7-intel.egg/pygame/docs/ref/docscomments.json
/Library/Python/2.7/site-packages/pygame-1.9.2pre-py2.7-macosx-10.7-intel.egg/pygame/docs/ref/draw.html
/Library/Python/2.7/site-packages/pygame-1.9.2pre-py2.7-macosx-10.7-intel.egg/pygame/docs/ref/event.html
/Library/Python/2.7/site-packages/pygame-1.9.2pre-py2.7-macosx-10.7-intel.egg/pygame/docs/ref/examples.html
/Library/Python/2.7/site-packages/pygame-1.9.2pre-py2.7-macosx-10.7-intel.egg/pygame/docs/ref/font.html
/Library/Python/2.7/site-packages/pygame-1.9.2pre-py2.7-macosx-10.7-intel.egg/pygame/docs/ref/freetype.html
/Library/Python/2.7/site-packages/pygame-1.9.2pre-py2.7-macosx-10.7-intel.egg/pygame/docs/ref/gfxdraw.html
/Library/Python/2.7/site-packages/pygame-1.9.2pre-py2.7-macosx-10.7-intel.egg/pygame/docs/ref/image.html
/Library/Python/2.7/site-packages/pygame-1.9.2pre-py2.7-macosx-10.7-intel.egg/pygame/docs/ref/index.html
/Library/Python/2.7/site-packages/pygame-1.9.2pre-py2.7-macosx-10.7-intel.egg/pygame/docs/ref/joystick.html
/Library/Python/2.7/site-packages/pygame-1.9.2pre-py2.7-macosx-10.7-intel.egg/pygame/docs/ref/jquery.plugin.docscomments.js
/Library/Python/2.7/site-packages/pygame-1.9.2pre-py2.7-macosx-10.7-intel.egg/pygame/docs/ref/key.html
/Library/Python/2.7/site-packages/pygame-1.9.2pre-py2.7-macosx-10.7-intel.egg/pygame/docs/ref/locals.html
/Library/Python/2.7/site-packages/pygame-1.9.2pre-py2.7-macosx-10.7-intel.egg/pygame/docs/ref/mask.html
/Library/Python/2.7/site-packages/pygame-1.9.2pre-py2.7-macosx-10.7-intel.egg/pygame/docs/ref/math.html
/Library/Python/2.7/site-packages/pygame-1.9.2pre-py2.7-macosx-10.7-intel.egg/pygame/docs/ref/midi.html
/Library/Python/2.7/site-packages/pygame-1.9.2pre-py2.7-macosx-10.7-intel.egg/pygame/docs/ref/mixer.html
/Library/Python/2.7/site-packages/pygame-1.9.2pre-py2.7-macosx-10.7-intel.egg/pygame/docs/ref/mouse.html
/Library/Python/2.7/site-packages/pygame-1.9.2pre-py2.7-macosx-10.7-intel.egg/pygame/docs/ref/movie.html
/Library/Python/2.7/site-packages/pygame-1.9.2pre-py2.7-macosx-10.7-intel.egg/pygame/docs/ref/music.html
/Library/Python/2.7/site-packages/pygame-1.9.2pre-py2.7-macosx-10.7-intel.egg/pygame/docs/ref/overlay.html
/Library/Python/2.7/site-packages/pygame-1.9.2pre-py2.7-macosx-10.7-intel.egg/pygame/docs/ref/pixelarray.html
/Library/Python/2.7/site-packages/pygame-1.9.2pre-py2.7-macosx-10.7-intel.egg/pygame/docs/ref/pixelcopy.html
/Library/Python/2.7/site-packages/pygame-1.9.2pre-py2.7-macosx-10.7-intel.egg/pygame/docs/ref/pygame.html
/Library/Python/2.7/site-packages/pygame-1.9.2pre-py2.7-macosx-10.7-intel.egg/pygame/docs/ref/pygame_cursor.html
/Library/Python/2.7/site-packages/pygame-1.9.2pre-py2.7-macosx-10.7-intel.egg/pygame/docs/ref/rect.html
/Library/Python/2.7/site-packages/pygame-1.9.2pre-py2.7-macosx-10.7-intel.egg/pygame/docs/ref/scrap.html
/Library/Python/2.7/site-packages/pygame-1.9.2pre-py2.7-macosx-10.7-intel.egg/pygame/docs/ref/sndarray.html
/Library/Python/2.7/site-packages/pygame-1.9.2pre-py2.7-macosx-10.7-intel.egg/pygame/docs/ref/sprite.html
/Library/Python/2.7/site-packages/pygame-1.9.2pre-py2.7-macosx-10.7-intel.egg/pygame/docs/ref/surface.html
/Library/Python/2.7/site-packages/pygame-1.9.2pre-py2.7-macosx-10.7-intel.egg/pygame/docs/ref/surfarray.html
/Library/Python/2.7/site-packages/pygame-1.9.2pre-py2.7-macosx-10.7-intel.egg/pygame/docs/ref/tests.html
/Library/Python/2.7/site-packages/pygame-1.9.2pre-py2.7-macosx-10.7-intel.egg/pygame/docs/ref/time.html
/Library/Python/2.7/site-packages/pygame-1.9.2pre-py2.7-macosx-10.7-intel.egg/pygame/docs/ref/transform.html
/Library/Python/2.7/site-packages/pygame-1.9.2pre-py2.7-macosx-10.7-intel.egg/pygame/docs/tut/DisplayModes.html
/Library/Python/2.7/site-packages/pygame-1.9.2pre-py2.7-macosx-10.7-intel.egg/pygame/docs/tut/ImportInit.html
/Library/Python/2.7/site-packages/pygame-1.9.2pre-py2.7-macosx-10.7-intel.egg/pygame/docs/tut/MoveIt.html
/Library/Python/2.7/site-packages/pygame-1.9.2pre-py2.7-macosx-10.7-intel.egg/pygame/docs/tut/newbieguide.html
/Library/Python/2.7/site-packages/pygame-1.9.2pre-py2.7-macosx-10.7-intel.egg/pygame/docs/tut/SpriteIntro.html
/Library/Python/2.7/site-packages/pygame-1.9.2pre-py2.7-macosx-10.7-intel.egg/pygame/docs/tut/camera/average.jpg
/Library/Python/2.7/site-packages/pygame-1.9.2pre-py2.7-macosx-10.7-intel.egg/pygame/docs/tut/camera/background.jpg
/Library/Python/2.7/site-packages/pygame-1.9.2pre-py2.7-macosx-10.7-intel.egg/pygame/docs/tut/camera/CameraIntro.html
/Library/Python/2.7/site-packages/pygame-1.9.2pre-py2.7-macosx-10.7-intel.egg/pygame/docs/tut/camera/green.jpg
/Library/Python/2.7/site-packages/pygame-1.9.2pre-py2.7-macosx-10.7-intel.egg/pygame/docs/tut/camera/hsv.jpg
/Library/Python/2.7/site-packages/pygame-1.9.2pre-py2.7-macosx-10.7-intel.egg/pygame/docs/tut/camera/mask.jpg
/Library/Python/2.7/site-packages/pygame-1.9.2pre-py2.7-macosx-10.7-intel.egg/pygame/docs/tut/camera/rgb.jpg
/Library/Python/2.7/site-packages/pygame-1.9.2pre-py2.7-macosx-10.7-intel.egg/pygame/docs/tut/camera/thresh.jpg
/Library/Python/2.7/site-packages/pygame-1.9.2pre-py2.7-macosx-10.7-intel.egg/pygame/docs/tut/camera/thresholded.jpg
/Library/Python/2.7/site-packages/pygame-1.9.2pre-py2.7-macosx-10.7-intel.egg/pygame/docs/tut/camera/yuv.jpg
/Library/Python/2.7/site-packages/pygame-1.9.2pre-py2.7-macosx-10.7-intel.egg/pygame/docs/tut/chimp/chimp.py.html
/Library/Python/2.7/site-packages/pygame-1.9.2pre-py2.7-macosx-10.7-intel.egg/pygame/docs/tut/chimp/ChimpLineByLine.html
/Library/Python/2.7/site-packages/pygame-1.9.2pre-py2.7-macosx-10.7-intel.egg/pygame/docs/tut/chimp/chimpshot.gif
/Library/Python/2.7/site-packages/pygame-1.9.2pre-py2.7-macosx-10.7-intel.egg/pygame/docs/tut/intro/ball.gif
/Library/Python/2.7/site-packages/pygame-1.9.2pre-py2.7-macosx-10.7-intel.egg/pygame/docs/tut/intro/blade.jpg
/Library/Python/2.7/site-packages/pygame-1.9.2pre-py2.7-macosx-10.7-intel.egg/pygame/docs/tut/intro/freedom.jpg
/Library/Python/2.7/site-packages/pygame-1.9.2pre-py2.7-macosx-10.7-intel.egg/pygame/docs/tut/intro/intro.html
/Library/Python/2.7/site-packages/pygame-1.9.2pre-py2.7-macosx-10.7-intel.egg/pygame/docs/tut/surfarray/allblack.jpg
/Library/Python/2.7/site-packages/pygame-1.9.2pre-py2.7-macosx-10.7-intel.egg/pygame/docs/tut/surfarray/flipped.jpg
/Library/Python/2.7/site-packages/pygame-1.9.2pre-py2.7-macosx-10.7-intel.egg/pygame/docs/tut/surfarray/imgarray.jpg
/Library/Python/2.7/site-packages/pygame-1.9.2pre-py2.7-macosx-10.7-intel.egg/pygame/docs/tut/surfarray/redimg.jpg
/Library/Python/2.7/site-packages/pygame-1.9.2pre-py2.7-macosx-10.7-intel.egg/pygame/docs/tut/surfarray/scaledown.jpg
/Library/Python/2.7/site-packages/pygame-1.9.2pre-py2.7-macosx-10.7-intel.egg/pygame/docs/tut/surfarray/scaleup.jpg
/Library/Python/2.7/site-packages/pygame-1.9.2pre-py2.7-macosx-10.7-intel.egg/pygame/docs/tut/surfarray/soften.jpg
/Library/Python/2.7/site-packages/pygame-1.9.2pre-py2.7-macosx-10.7-intel.egg/pygame/docs/tut/surfarray/striped.jpg
/Library/Python/2.7/site-packages/pygame-1.9.2pre-py2.7-macosx-10.7-intel.egg/pygame/docs/tut/surfarray/SurfarrayIntro.html
/Library/Python/2.7/site-packages/pygame-1.9.2pre-py2.7-macosx-10.7-intel.egg/pygame/docs/tut/surfarray/xfade.jpg
/Library/Python/2.7/site-packages/pygame-1.9.2pre-py2.7-macosx-10.7-intel.egg/pygame/docs/tut/tom/basic.png
/Library/Python/2.7/site-packages/pygame-1.9.2pre-py2.7-macosx-10.7-intel.egg/pygame/docs/tut/tom/event-flowchart.png
/Library/Python/2.7/site-packages/pygame-1.9.2pre-py2.7-macosx-10.7-intel.egg/pygame/docs/tut/tom/formulae.png
/Library/Python/2.7/site-packages/pygame-1.9.2pre-py2.7-macosx-10.7-intel.egg/pygame/docs/tut/tom/games2.html
/Library/Python/2.7/site-packages/pygame-1.9.2pre-py2.7-macosx-10.7-intel.egg/pygame/docs/tut/tom/games3.html
/Library/Python/2.7/site-packages/pygame-1.9.2pre-py2.7-macosx-10.7-intel.egg/pygame/docs/tut/tom/games4.html
/Library/Python/2.7/site-packages/pygame-1.9.2pre-py2.7-macosx-10.7-intel.egg/pygame/docs/tut/tom/games5.html
/Library/Python/2.7/site-packages/pygame-1.9.2pre-py2.7-macosx-10.7-intel.egg/pygame/docs/tut/tom/games6.html
/Library/Python/2.7/site-packages/pygame-1.9.2pre-py2.7-macosx-10.7-intel.egg/pygame/docs/tut/tom/MakeGames.html
/Library/Python/2.7/site-packages/pygame-1.9.2pre-py2.7-macosx-10.7-intel.egg/pygame/docs/tut/tom/radians.png
/Library/Python/2.7/site-packages/pygame-1.9.2pre-py2.7-macosx-10.7-intel.egg/pygame/examples/__init__.py
/Library/Python/2.7/site-packages/pygame-1.9.2pre-py2.7-macosx-10.7-intel.egg/pygame/examples/__init__.pyc
/Library/Python/2.7/site-packages/pygame-1.9.2pre-py2.7-macosx-10.7-intel.egg/pygame/examples/__movie_test.py
/Library/Python/2.7/site-packages/pygame-1.9.2pre-py2.7-macosx-10.7-intel.egg/pygame/examples/__movie_test.pyc
/Library/Python/2.7/site-packages/pygame-1.9.2pre-py2.7-macosx-10.7-intel.egg/pygame/examples/aacircle.py
/Library/Python/2.7/site-packages/pygame-1.9.2pre-py2.7-macosx-10.7-intel.egg/pygame/examples/aacircle.pyc
/Library/Python/2.7/site-packages/pygame-1.9.2pre-py2.7-macosx-10.7-intel.egg/pygame/examples/aliens.py
/Library/Python/2.7/site-packages/pygame-1.9.2pre-py2.7-macosx-10.7-intel.egg/pygame/examples/aliens.pyc
/Library/Python/2.7/site-packages/pygame-1.9.2pre-py2.7-macosx-10.7-intel.egg/pygame/examples/arraydemo.py
/Library/Python/2.7/site-packages/pygame-1.9.2pre-py2.7-macosx-10.7-intel.egg/pygame/examples/arraydemo.pyc
/Library/Python/2.7/site-packages/pygame-1.9.2pre-py2.7-macosx-10.7-intel.egg/pygame/examples/blend_fill.py
/Library/Python/2.7/site-packages/pygame-1.9.2pre-py2.7-macosx-10.7-intel.egg/pygame/examples/blend_fill.pyc
/Library/Python/2.7/site-packages/pygame-1.9.2pre-py2.7-macosx-10.7-intel.egg/pygame/examples/blit_blends.py
/Library/Python/2.7/site-packages/pygame-1.9.2pre-py2.7-macosx-10.7-intel.egg/pygame/examples/blit_blends.pyc
/Library/Python/2.7/site-packages/pygame-1.9.2pre-py2.7-macosx-10.7-intel.egg/pygame/examples/camera.py
/Library/Python/2.7/site-packages/pygame-1.9.2pre-py2.7-macosx-10.7-intel.egg/pygame/examples/camera.pyc
/Library/Python/2.7/site-packages/pygame-1.9.2pre-py2.7-macosx-10.7-intel.egg/pygame/examples/chimp.py
/Library/Python/2.7/site-packages/pygame-1.9.2pre-py2.7-macosx-10.7-intel.egg/pygame/examples/chimp.pyc
/Library/Python/2.7/site-packages/pygame-1.9.2pre-py2.7-macosx-10.7-intel.egg/pygame/examples/cursors.py
/Library/Python/2.7/site-packages/pygame-1.9.2pre-py2.7-macosx-10.7-intel.egg/pygame/examples/cursors.pyc
/Library/Python/2.7/site-packages/pygame-1.9.2pre-py2.7-macosx-10.7-intel.egg/pygame/examples/eventlist.py
/Library/Python/2.7/site-packages/pygame-1.9.2pre-py2.7-macosx-10.7-intel.egg/pygame/examples/eventlist.pyc
/Library/Python/2.7/site-packages/pygame-1.9.2pre-py2.7-macosx-10.7-intel.egg/pygame/examples/fastevents.py
/Library/Python/2.7/site-packages/pygame-1.9.2pre-py2.7-macosx-10.7-intel.egg/pygame/examples/fastevents.pyc
/Library/Python/2.7/site-packages/pygame-1.9.2pre-py2.7-macosx-10.7-intel.egg/pygame/examples/fonty.py
/Library/Python/2.7/site-packages/pygame-1.9.2pre-py2.7-macosx-10.7-intel.egg/pygame/examples/fonty.pyc
/Library/Python/2.7/site-packages/pygame-1.9.2pre-py2.7-macosx-10.7-intel.egg/pygame/examples/freetype_misc.py
/Library/Python/2.7/site-packages/pygame-1.9.2pre-py2.7-macosx-10.7-intel.egg/pygame/examples/freetype_misc.pyc
/Library/Python/2.7/site-packages/pygame-1.9.2pre-py2.7-macosx-10.7-intel.egg/pygame/examples/glcube.py
/Library/Python/2.7/site-packages/pygame-1.9.2pre-py2.7-macosx-10.7-intel.egg/pygame/examples/glcube.pyc
/Library/Python/2.7/site-packages/pygame-1.9.2pre-py2.7-macosx-10.7-intel.egg/pygame/examples/headless_no_windows_needed.py
/Library/Python/2.7/site-packages/pygame-1.9.2pre-py2.7-macosx-10.7-intel.egg/pygame/examples/headless_no_windows_needed.pyc
/Library/Python/2.7/site-packages/pygame-1.9.2pre-py2.7-macosx-10.7-intel.egg/pygame/examples/liquid.py
/Library/Python/2.7/site-packages/pygame-1.9.2pre-py2.7-macosx-10.7-intel.egg/pygame/examples/liquid.pyc
/Library/Python/2.7/site-packages/pygame-1.9.2pre-py2.7-macosx-10.7-intel.egg/pygame/examples/mask.py
/Library/Python/2.7/site-packages/pygame-1.9.2pre-py2.7-macosx-10.7-intel.egg/pygame/examples/mask.pyc
/Library/Python/2.7/site-packages/pygame-1.9.2pre-py2.7-macosx-10.7-intel.egg/pygame/examples/midi.py
/Library/Python/2.7/site-packages/pygame-1.9.2pre-py2.7-macosx-10.7-intel.egg/pygame/examples/midi.pyc
/Library/Python/2.7/site-packages/pygame-1.9.2pre-py2.7-macosx-10.7-intel.egg/pygame/examples/moveit.py
/Library/Python/2.7/site-packages/pygame-1.9.2pre-py2.7-macosx-10.7-intel.egg/pygame/examples/moveit.pyc
/Library/Python/2.7/site-packages/pygame-1.9.2pre-py2.7-macosx-10.7-intel.egg/pygame/examples/movieplayer.py
/Library/Python/2.7/site-packages/pygame-1.9.2pre-py2.7-macosx-10.7-intel.egg/pygame/examples/movieplayer.pyc
/Library/Python/2.7/site-packages/pygame-1.9.2pre-py2.7-macosx-10.7-intel.egg/pygame/examples/oldalien.py
/Library/Python/2.7/site-packages/pygame-1.9.2pre-py2.7-macosx-10.7-intel.egg/pygame/examples/oldalien.pyc
/Library/Python/2.7/site-packages/pygame-1.9.2pre-py2.7-macosx-10.7-intel.egg/pygame/examples/overlay.py
/Library/Python/2.7/site-packages/pygame-1.9.2pre-py2.7-macosx-10.7-intel.egg/pygame/examples/overlay.pyc
/Library/Python/2.7/site-packages/pygame-1.9.2pre-py2.7-macosx-10.7-intel.egg/pygame/examples/pixelarray.py
/Library/Python/2.7/site-packages/pygame-1.9.2pre-py2.7-macosx-10.7-intel.egg/pygame/examples/pixelarray.pyc
/Library/Python/2.7/site-packages/pygame-1.9.2pre-py2.7-macosx-10.7-intel.egg/pygame/examples/scaletest.py
/Library/Python/2.7/site-packages/pygame-1.9.2pre-py2.7-macosx-10.7-intel.egg/pygame/examples/scaletest.pyc
/Library/Python/2.7/site-packages/pygame-1.9.2pre-py2.7-macosx-10.7-intel.egg/pygame/examples/scrap_clipboard.py
/Library/Python/2.7/site-packages/pygame-1.9.2pre-py2.7-macosx-10.7-intel.egg/pygame/examples/scrap_clipboard.pyc
/Library/Python/2.7/site-packages/pygame-1.9.2pre-py2.7-macosx-10.7-intel.egg/pygame/examples/scroll.py
/Library/Python/2.7/site-packages/pygame-1.9.2pre-py2.7-macosx-10.7-intel.egg/pygame/examples/scroll.pyc
/Library/Python/2.7/site-packages/pygame-1.9.2pre-py2.7-macosx-10.7-intel.egg/pygame/examples/sound.py
/Library/Python/2.7/site-packages/pygame-1.9.2pre-py2.7-macosx-10.7-intel.egg/pygame/examples/sound.pyc
/Library/Python/2.7/site-packages/pygame-1.9.2pre-py2.7-macosx-10.7-intel.egg/pygame/examples/sound_array_demos.py
/Library/Python/2.7/site-packages/pygame-1.9.2pre-py2.7-macosx-10.7-intel.egg/pygame/examples/sound_array_demos.pyc
/Library/Python/2.7/site-packages/pygame-1.9.2pre-py2.7-macosx-10.7-intel.egg/pygame/examples/stars.py
/Library/Python/2.7/site-packages/pygame-1.9.2pre-py2.7-macosx-10.7-intel.egg/pygame/examples/stars.pyc
/Library/Python/2.7/site-packages/pygame-1.9.2pre-py2.7-macosx-10.7-intel.egg/pygame/examples/testsprite.py
/Library/Python/2.7/site-packages/pygame-1.9.2pre-py2.7-macosx-10.7-intel.egg/pygame/examples/testsprite.pyc
/Library/Python/2.7/site-packages/pygame-1.9.2pre-py2.7-macosx-10.7-intel.egg/pygame/examples/tetris.py
/Library/Python/2.7/site-packages/pygame-1.9.2pre-py2.7-macosx-10.7-intel.egg/pygame/examples/tetris.pyc
/Library/Python/2.7/site-packages/pygame-1.9.2pre-py2.7-macosx-10.7-intel.egg/pygame/examples/vgrade.py
/Library/Python/2.7/site-packages/pygame-1.9.2pre-py2.7-macosx-10.7-intel.egg/pygame/examples/vgrade.pyc
/Library/Python/2.7/site-packages/pygame-1.9.2pre-py2.7-macosx-10.7-intel.egg/pygame/examples/data/alien1.gif
/Library/Python/2.7/site-packages/pygame-1.9.2pre-py2.7-macosx-10.7-intel.egg/pygame/examples/data/alien1.jpg
/Library/Python/2.7/site-packages/pygame-1.9.2pre-py2.7-macosx-10.7-intel.egg/pygame/examples/data/alien1.png
/Library/Python/2.7/site-packages/pygame-1.9.2pre-py2.7-macosx-10.7-intel.egg/pygame/examples/data/alien2.gif
/Library/Python/2.7/site-packages/pygame-1.9.2pre-py2.7-macosx-10.7-intel.egg/pygame/examples/data/alien2.png
/Library/Python/2.7/site-packages/pygame-1.9.2pre-py2.7-macosx-10.7-intel.egg/pygame/examples/data/alien3.gif
/Library/Python/2.7/site-packages/pygame-1.9.2pre-py2.7-macosx-10.7-intel.egg/pygame/examples/data/alien3.png
/Library/Python/2.7/site-packages/pygame-1.9.2pre-py2.7-macosx-10.7-intel.egg/pygame/examples/data/arraydemo.bmp
/Library/Python/2.7/site-packages/pygame-1.9.2pre-py2.7-macosx-10.7-intel.egg/pygame/examples/data/asprite.bmp
/Library/Python/2.7/site-packages/pygame-1.9.2pre-py2.7-macosx-10.7-intel.egg/pygame/examples/data/background.gif
/Library/Python/2.7/site-packages/pygame-1.9.2pre-py2.7-macosx-10.7-intel.egg/pygame/examples/data/blue.mpg
/Library/Python/2.7/site-packages/pygame-1.9.2pre-py2.7-macosx-10.7-intel.egg/pygame/examples/data/bomb.gif
/Library/Python/2.7/site-packages/pygame-1.9.2pre-py2.7-macosx-10.7-intel.egg/pygame/examples/data/boom.wav
/Library/Python/2.7/site-packages/pygame-1.9.2pre-py2.7-macosx-10.7-intel.egg/pygame/examples/data/car_door.wav
/Library/Python/2.7/site-packages/pygame-1.9.2pre-py2.7-macosx-10.7-intel.egg/pygame/examples/data/chimp.bmp
/Library/Python/2.7/site-packages/pygame-1.9.2pre-py2.7-macosx-10.7-intel.egg/pygame/examples/data/danger.gif
/Library/Python/2.7/site-packages/pygame-1.9.2pre-py2.7-macosx-10.7-intel.egg/pygame/examples/data/explosion1.gif
/Library/Python/2.7/site-packages/pygame-1.9.2pre-py2.7-macosx-10.7-intel.egg/pygame/examples/data/fist.bmp
/Library/Python/2.7/site-packages/pygame-1.9.2pre-py2.7-macosx-10.7-intel.egg/pygame/examples/data/house_lo.mp3
/Library/Python/2.7/site-packages/pygame-1.9.2pre-py2.7-macosx-10.7-intel.egg/pygame/examples/data/house_lo.ogg
/Library/Python/2.7/site-packages/pygame-1.9.2pre-py2.7-macosx-10.7-intel.egg/pygame/examples/data/house_lo.wav
/Library/Python/2.7/site-packages/pygame-1.9.2pre-py2.7-macosx-10.7-intel.egg/pygame/examples/data/liquid.bmp
/Library/Python/2.7/site-packages/pygame-1.9.2pre-py2.7-macosx-10.7-intel.egg/pygame/examples/data/midikeys.png
/Library/Python/2.7/site-packages/pygame-1.9.2pre-py2.7-macosx-10.7-intel.egg/pygame/examples/data/oldplayer.gif
/Library/Python/2.7/site-packages/pygame-1.9.2pre-py2.7-macosx-10.7-intel.egg/pygame/examples/data/player1.gif
/Library/Python/2.7/site-packages/pygame-1.9.2pre-py2.7-macosx-10.7-intel.egg/pygame/examples/data/punch.wav
/Library/Python/2.7/site-packages/pygame-1.9.2pre-py2.7-macosx-10.7-intel.egg/pygame/examples/data/sans.ttf
/Library/Python/2.7/site-packages/pygame-1.9.2pre-py2.7-macosx-10.7-intel.egg/pygame/examples/data/secosmic_lo.wav
/Library/Python/2.7/site-packages/pygame-1.9.2pre-py2.7-macosx-10.7-intel.egg/pygame/examples/data/shot.gif
/Library/Python/2.7/site-packages/pygame-1.9.2pre-py2.7-macosx-10.7-intel.egg/pygame/examples/data/static.png
/Library/Python/2.7/site-packages/pygame-1.9.2pre-py2.7-macosx-10.7-intel.egg/pygame/examples/data/whiff.wav
/Library/Python/2.7/site-packages/pygame-1.9.2pre-py2.7-macosx-10.7-intel.egg/pygame/examples/data/yuv_1.pgm
/Library/Python/2.7/site-packages/pygame-1.9.2pre-py2.7-macosx-10.7-intel.egg/pygame/examples/macosx/macfont.py
/Library/Python/2.7/site-packages/pygame-1.9.2pre-py2.7-macosx-10.7-intel.egg/pygame/examples/macosx/macfont.pyc
/Library/Python/2.7/site-packages/pygame-1.9.2pre-py2.7-macosx-10.7-intel.egg/pygame/examples/macosx/aliens_app_example/aliens.py
/Library/Python/2.7/site-packages/pygame-1.9.2pre-py2.7-macosx-10.7-intel.egg/pygame/examples/macosx/aliens_app_example/aliens.pyc
/Library/Python/2.7/site-packages/pygame-1.9.2pre-py2.7-macosx-10.7-intel.egg/pygame/examples/macosx/aliens_app_example/README.txt
/Library/Python/2.7/site-packages/pygame-1.9.2pre-py2.7-macosx-10.7-intel.egg/pygame/examples/macosx/aliens_app_example/setup.py
/Library/Python/2.7/site-packages/pygame-1.9.2pre-py2.7-macosx-10.7-intel.egg/pygame/examples/macosx/aliens_app_example/setup.pyc
/Library/Python/2.7/site-packages/pygame-1.9.2pre-py2.7-macosx-10.7-intel.egg/pygame/examples/macosx/aliens_app_example/English.lproj/aliens.icns
/Library/Python/2.7/site-packages/pygame-1.9.2pre-py2.7-macosx-10.7-intel.egg/pygame/examples/macosx/aliens_app_example/English.lproj/MainMenu.nib/_MainMenu_EOArchive_English.java
/Library/Python/2.7/site-packages/pygame-1.9.2pre-py2.7-macosx-10.7-intel.egg/pygame/examples/macosx/aliens_app_example/English.lproj/MainMenu.nib/classes.nib
/Library/Python/2.7/site-packages/pygame-1.9.2pre-py2.7-macosx-10.7-intel.egg/pygame/examples/macosx/aliens_app_example/English.lproj/MainMenu.nib/info.nib
/Library/Python/2.7/site-packages/pygame-1.9.2pre-py2.7-macosx-10.7-intel.egg/pygame/examples/macosx/aliens_app_example/English.lproj/MainMenu.nib/JavaCompiling.plist
/Library/Python/2.7/site-packages/pygame-1.9.2pre-py2.7-macosx-10.7-intel.egg/pygame/examples/macosx/aliens_app_example/English.lproj/MainMenu.nib/keyedobjects.nib
/Library/Python/2.7/site-packages/pygame-1.9.2pre-py2.7-macosx-10.7-intel.egg/pygame/gp2x/__init__.py
/Library/Python/2.7/site-packages/pygame-1.9.2pre-py2.7-macosx-10.7-intel.egg/pygame/gp2x/__init__.pyc
/Library/Python/2.7/site-packages/pygame-1.9.2pre-py2.7-macosx-10.7-intel.egg/pygame/gp2x/constants.py
/Library/Python/2.7/site-packages/pygame-1.9.2pre-py2.7-macosx-10.7-intel.egg/pygame/gp2x/constants.pyc
/Library/Python/2.7/site-packages/pygame-1.9.2pre-py2.7-macosx-10.7-intel.egg/pygame/gp2x/locals.py
/Library/Python/2.7/site-packages/pygame-1.9.2pre-py2.7-macosx-10.7-intel.egg/pygame/gp2x/locals.pyc
/Library/Python/2.7/site-packages/pygame-1.9.2pre-py2.7-macosx-10.7-intel.egg/pygame/tests/__init__.py
/Library/Python/2.7/site-packages/pygame-1.9.2pre-py2.7-macosx-10.7-intel.egg/pygame/tests/__init__.pyc
/Library/Python/2.7/site-packages/pygame-1.9.2pre-py2.7-macosx-10.7-intel.egg/pygame/tests/__main__.py
/Library/Python/2.7/site-packages/pygame-1.9.2pre-py2.7-macosx-10.7-intel.egg/pygame/tests/__main__.pyc
/Library/Python/2.7/site-packages/pygame-1.9.2pre-py2.7-macosx-10.7-intel.egg/pygame/tests/_dummymovietest.py
/Library/Python/2.7/site-packages/pygame-1.9.2pre-py2.7-macosx-10.7-intel.egg/pygame/tests/_dummymovietest.pyc
/Library/Python/2.7/site-packages/pygame-1.9.2pre-py2.7-macosx-10.7-intel.egg/pygame/tests/_movie_tags.py
/Library/Python/2.7/site-packages/pygame-1.9.2pre-py2.7-macosx-10.7-intel.egg/pygame/tests/_movie_tags.pyc
/Library/Python/2.7/site-packages/pygame-1.9.2pre-py2.7-macosx-10.7-intel.egg/pygame/tests/_movie_test.py
/Library/Python/2.7/site-packages/pygame-1.9.2pre-py2.7-macosx-10.7-intel.egg/pygame/tests/_movie_test.pyc
/Library/Python/2.7/site-packages/pygame-1.9.2pre-py2.7-macosx-10.7-intel.egg/pygame/tests/_view_test.py
/Library/Python/2.7/site-packages/pygame-1.9.2pre-py2.7-macosx-10.7-intel.egg/pygame/tests/_view_test.pyc
/Library/Python/2.7/site-packages/pygame-1.9.2pre-py2.7-macosx-10.7-intel.egg/pygame/tests/_vlcmovietest.py
/Library/Python/2.7/site-packages/pygame-1.9.2pre-py2.7-macosx-10.7-intel.egg/pygame/tests/_vlcmovietest.pyc
/Library/Python/2.7/site-packages/pygame-1.9.2pre-py2.7-macosx-10.7-intel.egg/pygame/tests/base_test.py
/Library/Python/2.7/site-packages/pygame-1.9.2pre-py2.7-macosx-10.7-intel.egg/pygame/tests/base_test.pyc
/Library/Python/2.7/site-packages/pygame-1.9.2pre-py2.7-macosx-10.7-intel.egg/pygame/tests/blit_test.py
/Library/Python/2.7/site-packages/pygame-1.9.2pre-py2.7-macosx-10.7-intel.egg/pygame/tests/blit_test.pyc
/Library/Python/2.7/site-packages/pygame-1.9.2pre-py2.7-macosx-10.7-intel.egg/pygame/tests/bufferproxy_test.py
/Library/Python/2.7/site-packages/pygame-1.9.2pre-py2.7-macosx-10.7-intel.egg/pygame/tests/bufferproxy_test.pyc
/Library/Python/2.7/site-packages/pygame-1.9.2pre-py2.7-macosx-10.7-intel.egg/pygame/tests/camera_test.py
/Library/Python/2.7/site-packages/pygame-1.9.2pre-py2.7-macosx-10.7-intel.egg/pygame/tests/camera_test.pyc
/Library/Python/2.7/site-packages/pygame-1.9.2pre-py2.7-macosx-10.7-intel.egg/pygame/tests/cdrom_tags.py
/Library/Python/2.7/site-packages/pygame-1.9.2pre-py2.7-macosx-10.7-intel.egg/pygame/tests/cdrom_tags.pyc
/Library/Python/2.7/site-packages/pygame-1.9.2pre-py2.7-macosx-10.7-intel.egg/pygame/tests/cdrom_test.py
/Library/Python/2.7/site-packages/pygame-1.9.2pre-py2.7-macosx-10.7-intel.egg/pygame/tests/cdrom_test.pyc
/Library/Python/2.7/site-packages/pygame-1.9.2pre-py2.7-macosx-10.7-intel.egg/pygame/tests/color_test.py
/Library/Python/2.7/site-packages/pygame-1.9.2pre-py2.7-macosx-10.7-intel.egg/pygame/tests/color_test.pyc
/Library/Python/2.7/site-packages/pygame-1.9.2pre-py2.7-macosx-10.7-intel.egg/pygame/tests/compat_test.py
/Library/Python/2.7/site-packages/pygame-1.9.2pre-py2.7-macosx-10.7-intel.egg/pygame/tests/compat_test.pyc
/Library/Python/2.7/site-packages/pygame-1.9.2pre-py2.7-macosx-10.7-intel.egg/pygame/tests/cursors_test.py
/Library/Python/2.7/site-packages/pygame-1.9.2pre-py2.7-macosx-10.7-intel.egg/pygame/tests/cursors_test.pyc
/Library/Python/2.7/site-packages/pygame-1.9.2pre-py2.7-macosx-10.7-intel.egg/pygame/tests/display_test.py
/Library/Python/2.7/site-packages/pygame-1.9.2pre-py2.7-macosx-10.7-intel.egg/pygame/tests/display_test.pyc
/Library/Python/2.7/site-packages/pygame-1.9.2pre-py2.7-macosx-10.7-intel.egg/pygame/tests/draw_test.py
/Library/Python/2.7/site-packages/pygame-1.9.2pre-py2.7-macosx-10.7-intel.egg/pygame/tests/draw_test.pyc
/Library/Python/2.7/site-packages/pygame-1.9.2pre-py2.7-macosx-10.7-intel.egg/pygame/tests/event_test.py
/Library/Python/2.7/site-packages/pygame-1.9.2pre-py2.7-macosx-10.7-intel.egg/pygame/tests/event_test.pyc
/Library/Python/2.7/site-packages/pygame-1.9.2pre-py2.7-macosx-10.7-intel.egg/pygame/tests/fastevent_test.py
/Library/Python/2.7/site-packages/pygame-1.9.2pre-py2.7-macosx-10.7-intel.egg/pygame/tests/fastevent_test.pyc
/Library/Python/2.7/site-packages/pygame-1.9.2pre-py2.7-macosx-10.7-intel.egg/pygame/tests/font_tags.py
/Library/Python/2.7/site-packages/pygame-1.9.2pre-py2.7-macosx-10.7-intel.egg/pygame/tests/font_tags.pyc
/Library/Python/2.7/site-packages/pygame-1.9.2pre-py2.7-macosx-10.7-intel.egg/pygame/tests/font_test.py
/Library/Python/2.7/site-packages/pygame-1.9.2pre-py2.7-macosx-10.7-intel.egg/pygame/tests/font_test.pyc
/Library/Python/2.7/site-packages/pygame-1.9.2pre-py2.7-macosx-10.7-intel.egg/pygame/tests/freetype_tags.py
/Library/Python/2.7/site-packages/pygame-1.9.2pre-py2.7-macosx-10.7-intel.egg/pygame/tests/freetype_tags.pyc
/Library/Python/2.7/site-packages/pygame-1.9.2pre-py2.7-macosx-10.7-intel.egg/pygame/tests/freetype_test.py
/Library/Python/2.7/site-packages/pygame-1.9.2pre-py2.7-macosx-10.7-intel.egg/pygame/tests/freetype_test.pyc
/Library/Python/2.7/site-packages/pygame-1.9.2pre-py2.7-macosx-10.7-intel.egg/pygame/tests/ftfont_tags.py
/Library/Python/2.7/site-packages/pygame-1.9.2pre-py2.7-macosx-10.7-intel.egg/pygame/tests/ftfont_tags.pyc
/Library/Python/2.7/site-packages/pygame-1.9.2pre-py2.7-macosx-10.7-intel.egg/pygame/tests/ftfont_test.py
/Library/Python/2.7/site-packages/pygame-1.9.2pre-py2.7-macosx-10.7-intel.egg/pygame/tests/ftfont_test.pyc
/Library/Python/2.7/site-packages/pygame-1.9.2pre-py2.7-macosx-10.7-intel.egg/pygame/tests/gfxdraw_test.py
/Library/Python/2.7/site-packages/pygame-1.9.2pre-py2.7-macosx-10.7-intel.egg/pygame/tests/gfxdraw_test.pyc
/Library/Python/2.7/site-packages/pygame-1.9.2pre-py2.7-macosx-10.7-intel.egg/pygame/tests/image__save_gl_surface_test.py
/Library/Python/2.7/site-packages/pygame-1.9.2pre-py2.7-macosx-10.7-intel.egg/pygame/tests/image__save_gl_surface_test.pyc
/Library/Python/2.7/site-packages/pygame-1.9.2pre-py2.7-macosx-10.7-intel.egg/pygame/tests/image_tags.py
/Library/Python/2.7/site-packages/pygame-1.9.2pre-py2.7-macosx-10.7-intel.egg/pygame/tests/image_tags.pyc
/Library/Python/2.7/site-packages/pygame-1.9.2pre-py2.7-macosx-10.7-intel.egg/pygame/tests/image_test.py
/Library/Python/2.7/site-packages/pygame-1.9.2pre-py2.7-macosx-10.7-intel.egg/pygame/tests/image_test.pyc
/Library/Python/2.7/site-packages/pygame-1.9.2pre-py2.7-macosx-10.7-intel.egg/pygame/tests/imageext_tags.py
/Library/Python/2.7/site-packages/pygame-1.9.2pre-py2.7-macosx-10.7-intel.egg/pygame/tests/imageext_tags.pyc
/Library/Python/2.7/site-packages/pygame-1.9.2pre-py2.7-macosx-10.7-intel.egg/pygame/tests/imageext_test.py
/Library/Python/2.7/site-packages/pygame-1.9.2pre-py2.7-macosx-10.7-intel.egg/pygame/tests/imageext_test.pyc
/Library/Python/2.7/site-packages/pygame-1.9.2pre-py2.7-macosx-10.7-intel.egg/pygame/tests/joystick_test.py
/Library/Python/2.7/site-packages/pygame-1.9.2pre-py2.7-macosx-10.7-intel.egg/pygame/tests/joystick_test.pyc
/Library/Python/2.7/site-packages/pygame-1.9.2pre-py2.7-macosx-10.7-intel.egg/pygame/tests/key_test.py
/Library/Python/2.7/site-packages/pygame-1.9.2pre-py2.7-macosx-10.7-intel.egg/pygame/tests/key_test.pyc
/Library/Python/2.7/site-packages/pygame-1.9.2pre-py2.7-macosx-10.7-intel.egg/pygame/tests/mask_test.py
/Library/Python/2.7/site-packages/pygame-1.9.2pre-py2.7-macosx-10.7-intel.egg/pygame/tests/mask_test.pyc
/Library/Python/2.7/site-packages/pygame-1.9.2pre-py2.7-macosx-10.7-intel.egg/pygame/tests/math_test.py
/Library/Python/2.7/site-packages/pygame-1.9.2pre-py2.7-macosx-10.7-intel.egg/pygame/tests/math_test.pyc
/Library/Python/2.7/site-packages/pygame-1.9.2pre-py2.7-macosx-10.7-intel.egg/pygame/tests/midi_tags.py
/Library/Python/2.7/site-packages/pygame-1.9.2pre-py2.7-macosx-10.7-intel.egg/pygame/tests/midi_tags.pyc
/Library/Python/2.7/site-packages/pygame-1.9.2pre-py2.7-macosx-10.7-intel.egg/pygame/tests/midi_test.py
/Library/Python/2.7/site-packages/pygame-1.9.2pre-py2.7-macosx-10.7-intel.egg/pygame/tests/midi_test.pyc
/Library/Python/2.7/site-packages/pygame-1.9.2pre-py2.7-macosx-10.7-intel.egg/pygame/tests/mixer_music_tags.py
/Library/Python/2.7/site-packages/pygame-1.9.2pre-py2.7-macosx-10.7-intel.egg/pygame/tests/mixer_music_tags.pyc
/Library/Python/2.7/site-packages/pygame-1.9.2pre-py2.7-macosx-10.7-intel.egg/pygame/tests/mixer_music_test.py
/Library/Python/2.7/site-packages/pygame-1.9.2pre-py2.7-macosx-10.7-intel.egg/pygame/tests/mixer_music_test.pyc
/Library/Python/2.7/site-packages/pygame-1.9.2pre-py2.7-macosx-10.7-intel.egg/pygame/tests/mixer_tags.py
/Library/Python/2.7/site-packages/pygame-1.9.2pre-py2.7-macosx-10.7-intel.egg/pygame/tests/mixer_tags.pyc
/Library/Python/2.7/site-packages/pygame-1.9.2pre-py2.7-macosx-10.7-intel.egg/pygame/tests/mixer_test.py
/Library/Python/2.7/site-packages/pygame-1.9.2pre-py2.7-macosx-10.7-intel.egg/pygame/tests/mixer_test.pyc
/Library/Python/2.7/site-packages/pygame-1.9.2pre-py2.7-macosx-10.7-intel.egg/pygame/tests/mouse_test.py
/Library/Python/2.7/site-packages/pygame-1.9.2pre-py2.7-macosx-10.7-intel.egg/pygame/tests/mouse_test.pyc
/Library/Python/2.7/site-packages/pygame-1.9.2pre-py2.7-macosx-10.7-intel.egg/pygame/tests/movie_tags.py
/Library/Python/2.7/site-packages/pygame-1.9.2pre-py2.7-macosx-10.7-intel.egg/pygame/tests/movie_tags.pyc
/Library/Python/2.7/site-packages/pygame-1.9.2pre-py2.7-macosx-10.7-intel.egg/pygame/tests/movie_test.py
/Library/Python/2.7/site-packages/pygame-1.9.2pre-py2.7-macosx-10.7-intel.egg/pygame/tests/movie_test.pyc
/Library/Python/2.7/site-packages/pygame-1.9.2pre-py2.7-macosx-10.7-intel.egg/pygame/tests/overlay_test.py
/Library/Python/2.7/site-packages/pygame-1.9.2pre-py2.7-macosx-10.7-intel.egg/pygame/tests/overlay_test.pyc
/Library/Python/2.7/site-packages/pygame-1.9.2pre-py2.7-macosx-10.7-intel.egg/pygame/tests/pixelarray_test.py
/Library/Python/2.7/site-packages/pygame-1.9.2pre-py2.7-macosx-10.7-intel.egg/pygame/tests/pixelarray_test.pyc
/Library/Python/2.7/site-packages/pygame-1.9.2pre-py2.7-macosx-10.7-intel.egg/pygame/tests/pixelcopy_test.py
/Library/Python/2.7/site-packages/pygame-1.9.2pre-py2.7-macosx-10.7-intel.egg/pygame/tests/pixelcopy_test.pyc
/Library/Python/2.7/site-packages/pygame-1.9.2pre-py2.7-macosx-10.7-intel.egg/pygame/tests/rect_test.py
/Library/Python/2.7/site-packages/pygame-1.9.2pre-py2.7-macosx-10.7-intel.egg/pygame/tests/rect_test.pyc
/Library/Python/2.7/site-packages/pygame-1.9.2pre-py2.7-macosx-10.7-intel.egg/pygame/tests/rwobject_test.py
/Library/Python/2.7/site-packages/pygame-1.9.2pre-py2.7-macosx-10.7-intel.egg/pygame/tests/rwobject_test.pyc
/Library/Python/2.7/site-packages/pygame-1.9.2pre-py2.7-macosx-10.7-intel.egg/pygame/tests/scrap_tags.py
/Library/Python/2.7/site-packages/pygame-1.9.2pre-py2.7-macosx-10.7-intel.egg/pygame/tests/scrap_tags.pyc
/Library/Python/2.7/site-packages/pygame-1.9.2pre-py2.7-macosx-10.7-intel.egg/pygame/tests/scrap_test.py
/Library/Python/2.7/site-packages/pygame-1.9.2pre-py2.7-macosx-10.7-intel.egg/pygame/tests/scrap_test.pyc
/Library/Python/2.7/site-packages/pygame-1.9.2pre-py2.7-macosx-10.7-intel.egg/pygame/tests/sndarray_tags.py
/Library/Python/2.7/site-packages/pygame-1.9.2pre-py2.7-macosx-10.7-intel.egg/pygame/tests/sndarray_tags.pyc
/Library/Python/2.7/site-packages/pygame-1.9.2pre-py2.7-macosx-10.7-intel.egg/pygame/tests/sndarray_test.py
/Library/Python/2.7/site-packages/pygame-1.9.2pre-py2.7-macosx-10.7-intel.egg/pygame/tests/sndarray_test.pyc
/Library/Python/2.7/site-packages/pygame-1.9.2pre-py2.7-macosx-10.7-intel.egg/pygame/tests/sprite_test.py
/Library/Python/2.7/site-packages/pygame-1.9.2pre-py2.7-macosx-10.7-intel.egg/pygame/tests/sprite_test.pyc
/Library/Python/2.7/site-packages/pygame-1.9.2pre-py2.7-macosx-10.7-intel.egg/pygame/tests/surface_test.py
/Library/Python/2.7/site-packages/pygame-1.9.2pre-py2.7-macosx-10.7-intel.egg/pygame/tests/surface_test.pyc
/Library/Python/2.7/site-packages/pygame-1.9.2pre-py2.7-macosx-10.7-intel.egg/pygame/tests/surfarray_tags.py
/Library/Python/2.7/site-packages/pygame-1.9.2pre-py2.7-macosx-10.7-intel.egg/pygame/tests/surfarray_tags.pyc
/Library/Python/2.7/site-packages/pygame-1.9.2pre-py2.7-macosx-10.7-intel.egg/pygame/tests/surfarray_test.py
/Library/Python/2.7/site-packages/pygame-1.9.2pre-py2.7-macosx-10.7-intel.egg/pygame/tests/surfarray_test.pyc
/Library/Python/2.7/site-packages/pygame-1.9.2pre-py2.7-macosx-10.7-intel.egg/pygame/tests/surflock_test.py
/Library/Python/2.7/site-packages/pygame-1.9.2pre-py2.7-macosx-10.7-intel.egg/pygame/tests/surflock_test.pyc
/Library/Python/2.7/site-packages/pygame-1.9.2pre-py2.7-macosx-10.7-intel.egg/pygame/tests/sysfont_test.py
/Library/Python/2.7/site-packages/pygame-1.9.2pre-py2.7-macosx-10.7-intel.egg/pygame/tests/sysfont_test.pyc
/Library/Python/2.7/site-packages/pygame-1.9.2pre-py2.7-macosx-10.7-intel.egg/pygame/tests/test_test_.py
/Library/Python/2.7/site-packages/pygame-1.9.2pre-py2.7-macosx-10.7-intel.egg/pygame/tests/test_test_.pyc
/Library/Python/2.7/site-packages/pygame-1.9.2pre-py2.7-macosx-10.7-intel.egg/pygame/tests/threads_tags.py
/Library/Python/2.7/site-packages/pygame-1.9.2pre-py2.7-macosx-10.7-intel.egg/pygame/tests/threads_tags.pyc
/Library/Python/2.7/site-packages/pygame-1.9.2pre-py2.7-macosx-10.7-intel.egg/pygame/tests/threads_test.py
/Library/Python/2.7/site-packages/pygame-1.9.2pre-py2.7-macosx-10.7-intel.egg/pygame/tests/threads_test.pyc
/Library/Python/2.7/site-packages/pygame-1.9.2pre-py2.7-macosx-10.7-intel.egg/pygame/tests/time_test.py
/Library/Python/2.7/site-packages/pygame-1.9.2pre-py2.7-macosx-10.7-intel.egg/pygame/tests/time_test.pyc
/Library/Python/2.7/site-packages/pygame-1.9.2pre-py2.7-macosx-10.7-intel.egg/pygame/tests/transform_test.py
/Library/Python/2.7/site-packages/pygame-1.9.2pre-py2.7-macosx-10.7-intel.egg/pygame/tests/transform_test.pyc
/Library/Python/2.7/site-packages/pygame-1.9.2pre-py2.7-macosx-10.7-intel.egg/pygame/tests/fixtures/fonts/test_fixed.otf
/Library/Python/2.7/site-packages/pygame-1.9.2pre-py2.7-macosx-10.7-intel.egg/pygame/tests/fixtures/fonts/test_sans.ttf
/Library/Python/2.7/site-packages/pygame-1.9.2pre-py2.7-macosx-10.7-intel.egg/pygame/tests/fixtures/xbm_cursors/white_sizing.xbm
/Library/Python/2.7/site-packages/pygame-1.9.2pre-py2.7-macosx-10.7-intel.egg/pygame/tests/fixtures/xbm_cursors/white_sizing_mask.xbm
/Library/Python/2.7/site-packages/pygame-1.9.2pre-py2.7-macosx-10.7-intel.egg/pygame/tests/run_tests__tests/__init__.py
/Library/Python/2.7/site-packages/pygame-1.9.2pre-py2.7-macosx-10.7-intel.egg/pygame/tests/run_tests__tests/__init__.pyc
/Library/Python/2.7/site-packages/pygame-1.9.2pre-py2.7-macosx-10.7-intel.egg/pygame/tests/run_tests__tests/run_tests__test.py
/Library/Python/2.7/site-packages/pygame-1.9.2pre-py2.7-macosx-10.7-intel.egg/pygame/tests/run_tests__tests/run_tests__test.pyc
/Library/Python/2.7/site-packages/pygame-1.9.2pre-py2.7-macosx-10.7-intel.egg/pygame/tests/run_tests__tests/all_ok/__init__.py
/Library/Python/2.7/site-packages/pygame-1.9.2pre-py2.7-macosx-10.7-intel.egg/pygame/tests/run_tests__tests/all_ok/__init__.pyc
/Library/Python/2.7/site-packages/pygame-1.9.2pre-py2.7-macosx-10.7-intel.egg/pygame/tests/run_tests__tests/all_ok/fake_2_test.py
/Library/Python/2.7/site-packages/pygame-1.9.2pre-py2.7-macosx-10.7-intel.egg/pygame/tests/run_tests__tests/all_ok/fake_2_test.pyc
/Library/Python/2.7/site-packages/pygame-1.9.2pre-py2.7-macosx-10.7-intel.egg/pygame/tests/run_tests__tests/all_ok/fake_3_test.py
/Library/Python/2.7/site-packages/pygame-1.9.2pre-py2.7-macosx-10.7-intel.egg/pygame/tests/run_tests__tests/all_ok/fake_3_test.pyc
/Library/Python/2.7/site-packages/pygame-1.9.2pre-py2.7-macosx-10.7-intel.egg/pygame/tests/run_tests__tests/all_ok/fake_4_test.py
/Library/Python/2.7/site-packages/pygame-1.9.2pre-py2.7-macosx-10.7-intel.egg/pygame/tests/run_tests__tests/all_ok/fake_4_test.pyc
/Library/Python/2.7/site-packages/pygame-1.9.2pre-py2.7-macosx-10.7-intel.egg/pygame/tests/run_tests__tests/all_ok/fake_5_test.py
/Library/Python/2.7/site-packages/pygame-1.9.2pre-py2.7-macosx-10.7-intel.egg/pygame/tests/run_tests__tests/all_ok/fake_5_test.pyc
/Library/Python/2.7/site-packages/pygame-1.9.2pre-py2.7-macosx-10.7-intel.egg/pygame/tests/run_tests__tests/all_ok/fake_6_test.py
/Library/Python/2.7/site-packages/pygame-1.9.2pre-py2.7-macosx-10.7-intel.egg/pygame/tests/run_tests__tests/all_ok/fake_6_test.pyc
/Library/Python/2.7/site-packages/pygame-1.9.2pre-py2.7-macosx-10.7-intel.egg/pygame/tests/run_tests__tests/all_ok/no_assertions__ret_code_of_1__test.py
/Library/Python/2.7/site-packages/pygame-1.9.2pre-py2.7-macosx-10.7-intel.egg/pygame/tests/run_tests__tests/all_ok/no_assertions__ret_code_of_1__test.pyc
/Library/Python/2.7/site-packages/pygame-1.9.2pre-py2.7-macosx-10.7-intel.egg/pygame/tests/run_tests__tests/all_ok/zero_tests_test.py
/Library/Python/2.7/site-packages/pygame-1.9.2pre-py2.7-macosx-10.7-intel.egg/pygame/tests/run_tests__tests/all_ok/zero_tests_test.pyc
/Library/Python/2.7/site-packages/pygame-1.9.2pre-py2.7-macosx-10.7-intel.egg/pygame/tests/run_tests__tests/everything/__init__.py
/Library/Python/2.7/site-packages/pygame-1.9.2pre-py2.7-macosx-10.7-intel.egg/pygame/tests/run_tests__tests/everything/__init__.pyc
/Library/Python/2.7/site-packages/pygame-1.9.2pre-py2.7-macosx-10.7-intel.egg/pygame/tests/run_tests__tests/everything/fake_2_test.py
/Library/Python/2.7/site-packages/pygame-1.9.2pre-py2.7-macosx-10.7-intel.egg/pygame/tests/run_tests__tests/everything/fake_2_test.pyc
/Library/Python/2.7/site-packages/pygame-1.9.2pre-py2.7-macosx-10.7-intel.egg/pygame/tests/run_tests__tests/everything/incomplete_todo_test.py
/Library/Python/2.7/site-packages/pygame-1.9.2pre-py2.7-macosx-10.7-intel.egg/pygame/tests/run_tests__tests/everything/incomplete_todo_test.pyc
/Library/Python/2.7/site-packages/pygame-1.9.2pre-py2.7-macosx-10.7-intel.egg/pygame/tests/run_tests__tests/everything/magic_tag_test.py
/Library/Python/2.7/site-packages/pygame-1.9.2pre-py2.7-macosx-10.7-intel.egg/pygame/tests/run_tests__tests/everything/magic_tag_test.pyc
/Library/Python/2.7/site-packages/pygame-1.9.2pre-py2.7-macosx-10.7-intel.egg/pygame/tests/run_tests__tests/everything/sleep_test.py
/Library/Python/2.7/site-packages/pygame-1.9.2pre-py2.7-macosx-10.7-intel.egg/pygame/tests/run_tests__tests/everything/sleep_test.pyc
/Library/Python/2.7/site-packages/pygame-1.9.2pre-py2.7-macosx-10.7-intel.egg/pygame/tests/run_tests__tests/exclude/__init__.py
/Library/Python/2.7/site-packages/pygame-1.9.2pre-py2.7-macosx-10.7-intel.egg/pygame/tests/run_tests__tests/exclude/__init__.pyc
/Library/Python/2.7/site-packages/pygame-1.9.2pre-py2.7-macosx-10.7-intel.egg/pygame/tests/run_tests__tests/exclude/fake_2_test.py
/Library/Python/2.7/site-packages/pygame-1.9.2pre-py2.7-macosx-10.7-intel.egg/pygame/tests/run_tests__tests/exclude/fake_2_test.pyc
/Library/Python/2.7/site-packages/pygame-1.9.2pre-py2.7-macosx-10.7-intel.egg/pygame/tests/run_tests__tests/exclude/invisible_tag_test.py
/Library/Python/2.7/site-packages/pygame-1.9.2pre-py2.7-macosx-10.7-intel.egg/pygame/tests/run_tests__tests/exclude/invisible_tag_test.pyc
/Library/Python/2.7/site-packages/pygame-1.9.2pre-py2.7-macosx-10.7-intel.egg/pygame/tests/run_tests__tests/exclude/magic_tag_test.py
/Library/Python/2.7/site-packages/pygame-1.9.2pre-py2.7-macosx-10.7-intel.egg/pygame/tests/run_tests__tests/exclude/magic_tag_test.pyc
/Library/Python/2.7/site-packages/pygame-1.9.2pre-py2.7-macosx-10.7-intel.egg/pygame/tests/run_tests__tests/failures1/__init__.py
/Library/Python/2.7/site-packages/pygame-1.9.2pre-py2.7-macosx-10.7-intel.egg/pygame/tests/run_tests__tests/failures1/__init__.pyc
/Library/Python/2.7/site-packages/pygame-1.9.2pre-py2.7-macosx-10.7-intel.egg/pygame/tests/run_tests__tests/failures1/fake_2_test.py
/Library/Python/2.7/site-packages/pygame-1.9.2pre-py2.7-macosx-10.7-intel.egg/pygame/tests/run_tests__tests/failures1/fake_2_test.pyc
/Library/Python/2.7/site-packages/pygame-1.9.2pre-py2.7-macosx-10.7-intel.egg/pygame/tests/run_tests__tests/failures1/fake_3_test.py
/Library/Python/2.7/site-packages/pygame-1.9.2pre-py2.7-macosx-10.7-intel.egg/pygame/tests/run_tests__tests/failures1/fake_3_test.pyc
/Library/Python/2.7/site-packages/pygame-1.9.2pre-py2.7-macosx-10.7-intel.egg/pygame/tests/run_tests__tests/failures1/fake_4_test.py
/Library/Python/2.7/site-packages/pygame-1.9.2pre-py2.7-macosx-10.7-intel.egg/pygame/tests/run_tests__tests/failures1/fake_4_test.pyc
/Library/Python/2.7/site-packages/pygame-1.9.2pre-py2.7-macosx-10.7-intel.egg/pygame/tests/run_tests__tests/incomplete/__init__.py
/Library/Python/2.7/site-packages/pygame-1.9.2pre-py2.7-macosx-10.7-intel.egg/pygame/tests/run_tests__tests/incomplete/__init__.pyc
/Library/Python/2.7/site-packages/pygame-1.9.2pre-py2.7-macosx-10.7-intel.egg/pygame/tests/run_tests__tests/incomplete/fake_2_test.py
/Library/Python/2.7/site-packages/pygame-1.9.2pre-py2.7-macosx-10.7-intel.egg/pygame/tests/run_tests__tests/incomplete/fake_2_test.pyc
/Library/Python/2.7/site-packages/pygame-1.9.2pre-py2.7-macosx-10.7-intel.egg/pygame/tests/run_tests__tests/incomplete/fake_3_test.py
/Library/Python/2.7/site-packages/pygame-1.9.2pre-py2.7-macosx-10.7-intel.egg/pygame/tests/run_tests__tests/incomplete/fake_3_test.pyc
/Library/Python/2.7/site-packages/pygame-1.9.2pre-py2.7-macosx-10.7-intel.egg/pygame/tests/run_tests__tests/incomplete_todo/__init__.py
/Library/Python/2.7/site-packages/pygame-1.9.2pre-py2.7-macosx-10.7-intel.egg/pygame/tests/run_tests__tests/incomplete_todo/__init__.pyc
/Library/Python/2.7/site-packages/pygame-1.9.2pre-py2.7-macosx-10.7-intel.egg/pygame/tests/run_tests__tests/incomplete_todo/fake_2_test.py
/Library/Python/2.7/site-packages/pygame-1.9.2pre-py2.7-macosx-10.7-intel.egg/pygame/tests/run_tests__tests/incomplete_todo/fake_2_test.pyc
/Library/Python/2.7/site-packages/pygame-1.9.2pre-py2.7-macosx-10.7-intel.egg/pygame/tests/run_tests__tests/incomplete_todo/fake_3_test.py
/Library/Python/2.7/site-packages/pygame-1.9.2pre-py2.7-macosx-10.7-intel.egg/pygame/tests/run_tests__tests/incomplete_todo/fake_3_test.pyc
/Library/Python/2.7/site-packages/pygame-1.9.2pre-py2.7-macosx-10.7-intel.egg/pygame/tests/run_tests__tests/infinite_loop/__init__.py
/Library/Python/2.7/site-packages/pygame-1.9.2pre-py2.7-macosx-10.7-intel.egg/pygame/tests/run_tests__tests/infinite_loop/__init__.pyc
/Library/Python/2.7/site-packages/pygame-1.9.2pre-py2.7-macosx-10.7-intel.egg/pygame/tests/run_tests__tests/infinite_loop/fake_1_test.py
/Library/Python/2.7/site-packages/pygame-1.9.2pre-py2.7-macosx-10.7-intel.egg/pygame/tests/run_tests__tests/infinite_loop/fake_1_test.pyc
/Library/Python/2.7/site-packages/pygame-1.9.2pre-py2.7-macosx-10.7-intel.egg/pygame/tests/run_tests__tests/infinite_loop/fake_2_test.py
/Library/Python/2.7/site-packages/pygame-1.9.2pre-py2.7-macosx-10.7-intel.egg/pygame/tests/run_tests__tests/infinite_loop/fake_2_test.pyc
/Library/Python/2.7/site-packages/pygame-1.9.2pre-py2.7-macosx-10.7-intel.egg/pygame/tests/run_tests__tests/print_stderr/__init__.py
/Library/Python/2.7/site-packages/pygame-1.9.2pre-py2.7-macosx-10.7-intel.egg/pygame/tests/run_tests__tests/print_stderr/__init__.pyc
/Library/Python/2.7/site-packages/pygame-1.9.2pre-py2.7-macosx-10.7-intel.egg/pygame/tests/run_tests__tests/print_stderr/fake_2_test.py
/Library/Python/2.7/site-packages/pygame-1.9.2pre-py2.7-macosx-10.7-intel.egg/pygame/tests/run_tests__tests/print_stderr/fake_2_test.pyc
/Library/Python/2.7/site-packages/pygame-1.9.2pre-py2.7-macosx-10.7-intel.egg/pygame/tests/run_tests__tests/print_stderr/fake_3_test.py
/Library/Python/2.7/site-packages/pygame-1.9.2pre-py2.7-macosx-10.7-intel.egg/pygame/tests/run_tests__tests/print_stderr/fake_3_test.pyc
/Library/Python/2.7/site-packages/pygame-1.9.2pre-py2.7-macosx-10.7-intel.egg/pygame/tests/run_tests__tests/print_stderr/fake_4_test.py
/Library/Python/2.7/site-packages/pygame-1.9.2pre-py2.7-macosx-10.7-intel.egg/pygame/tests/run_tests__tests/print_stderr/fake_4_test.pyc
/Library/Python/2.7/site-packages/pygame-1.9.2pre-py2.7-macosx-10.7-intel.egg/pygame/tests/run_tests__tests/print_stdout/__init__.py
/Library/Python/2.7/site-packages/pygame-1.9.2pre-py2.7-macosx-10.7-intel.egg/pygame/tests/run_tests__tests/print_stdout/__init__.pyc
/Library/Python/2.7/site-packages/pygame-1.9.2pre-py2.7-macosx-10.7-intel.egg/pygame/tests/run_tests__tests/print_stdout/fake_2_test.py
/Library/Python/2.7/site-packages/pygame-1.9.2pre-py2.7-macosx-10.7-intel.egg/pygame/tests/run_tests__tests/print_stdout/fake_2_test.pyc
/Library/Python/2.7/site-packages/pygame-1.9.2pre-py2.7-macosx-10.7-intel.egg/pygame/tests/run_tests__tests/print_stdout/fake_3_test.py
/Library/Python/2.7/site-packages/pygame-1.9.2pre-py2.7-macosx-10.7-intel.egg/pygame/tests/run_tests__tests/print_stdout/fake_3_test.pyc
/Library/Python/2.7/site-packages/pygame-1.9.2pre-py2.7-macosx-10.7-intel.egg/pygame/tests/run_tests__tests/print_stdout/fake_4_test.py
/Library/Python/2.7/site-packages/pygame-1.9.2pre-py2.7-macosx-10.7-intel.egg/pygame/tests/run_tests__tests/print_stdout/fake_4_test.pyc
/Library/Python/2.7/site-packages/pygame-1.9.2pre-py2.7-macosx-10.7-intel.egg/pygame/tests/run_tests__tests/timeout/__init__.py
/Library/Python/2.7/site-packages/pygame-1.9.2pre-py2.7-macosx-10.7-intel.egg/pygame/tests/run_tests__tests/timeout/__init__.pyc
/Library/Python/2.7/site-packages/pygame-1.9.2pre-py2.7-macosx-10.7-intel.egg/pygame/tests/run_tests__tests/timeout/fake_2_test.py
/Library/Python/2.7/site-packages/pygame-1.9.2pre-py2.7-macosx-10.7-intel.egg/pygame/tests/run_tests__tests/timeout/fake_2_test.pyc
/Library/Python/2.7/site-packages/pygame-1.9.2pre-py2.7-macosx-10.7-intel.egg/pygame/tests/run_tests__tests/timeout/sleep_test.py
/Library/Python/2.7/site-packages/pygame-1.9.2pre-py2.7-macosx-10.7-intel.egg/pygame/tests/run_tests__tests/timeout/sleep_test.pyc
/Library/Python/2.7/site-packages/pygame-1.9.2pre-py2.7-macosx-10.7-intel.egg/pygame/tests/test_utils/__init__.py
/Library/Python/2.7/site-packages/pygame-1.9.2pre-py2.7-macosx-10.7-intel.egg/pygame/tests/test_utils/__init__.pyc
/Library/Python/2.7/site-packages/pygame-1.9.2pre-py2.7-macosx-10.7-intel.egg/pygame/tests/test_utils/arrinter.py
/Library/Python/2.7/site-packages/pygame-1.9.2pre-py2.7-macosx-10.7-intel.egg/pygame/tests/test_utils/arrinter.pyc
/Library/Python/2.7/site-packages/pygame-1.9.2pre-py2.7-macosx-10.7-intel.egg/pygame/tests/test_utils/async_sub.py
/Library/Python/2.7/site-packages/pygame-1.9.2pre-py2.7-macosx-10.7-intel.egg/pygame/tests/test_utils/async_sub.pyc
/Library/Python/2.7/site-packages/pygame-1.9.2pre-py2.7-macosx-10.7-intel.egg/pygame/tests/test_utils/run_tests.py
/Library/Python/2.7/site-packages/pygame-1.9.2pre-py2.7-macosx-10.7-intel.egg/pygame/tests/test_utils/run_tests.pyc
/Library/Python/2.7/site-packages/pygame-1.9.2pre-py2.7-macosx-10.7-intel.egg/pygame/tests/test_utils/test_runner.py
/Library/Python/2.7/site-packages/pygame-1.9.2pre-py2.7-macosx-10.7-intel.egg/pygame/tests/test_utils/test_runner.pyc
/Library/Python/2.7/site-packages/pygame-1.9.2pre-py2.7-macosx-10.7-intel.egg/pygame/tests/test_utils/unittest.py
/Library/Python/2.7/site-packages/pygame-1.9.2pre-py2.7-macosx-10.7-intel.egg/pygame/tests/test_utils/unittest.pyc
/Library/Python/2.7/site-packages/pygame-1.9.2pre-py2.7-macosx-10.7-intel.egg/pygame/tests/test_utils/unittest_patch.py
/Library/Python/2.7/site-packages/pygame-1.9.2pre-py2.7-macosx-10.7-intel.egg/pygame/tests/test_utils/unittest_patch.pyc
/Library/Python/2.7/site-packages/pygame-1.9.2pre-py2.7-macosx-10.7-intel.egg/pygame/threads/__init__.py
/Library/Python/2.7/site-packages/pygame-1.9.2pre-py2.7-macosx-10.7-intel.egg/pygame/threads/__init__.pyc
/Library/Python/2.7/site-packages/pygame-1.9.2pre-py2.7-macosx-10.7-intel.egg/pygame/threads/Py25Queue.py
/Library/Python/2.7/site-packages/pygame-1.9.2pre-py2.7-macosx-10.7-intel.egg/pygame/threads/Py25Queue.pyc
